<?xml version="1.0" encoding="UTF-8"?>
<coverage generated="1782206104142" clover="3.2.0">
  <project timestamp="1782206104142" name="All files">
    <metrics statements="77" coveredstatements="68" conditionals="38" coveredconditionals="33" methods="22" coveredmethods="18" elements="137" coveredelements="119" complexity="0" loc="77" ncloc="77" packages="2" files="4" classes="4"/>
    <package name="core">
      <metrics statements="72" coveredstatements="67" conditionals="38" coveredconditionals="33" methods="17" coveredmethods="17"/>
      <file name="geometry.ts" path="/Users/vinhng/Documents/SelftTaught/ReactNative/react-native-wheel/src/core/geometry.ts">
        <metrics statements="18" coveredstatements="18" conditionals="5" coveredconditionals="5" methods="4" coveredmethods="4"/>
        <line num="14" count="85" type="stmt"/>
        <line num="15" count="85" type="stmt"/>
        <line num="35" count="22" type="stmt"/>
        <line num="37" count="22" type="cond" truecount="2" falsecount="0"/>
        <line num="38" count="3" type="stmt"/>
        <line num="39" count="3" type="stmt"/>
        <line num="40" count="3" type="stmt"/>
        <line num="47" count="19" type="stmt"/>
        <line num="48" count="19" type="stmt"/>
        <line num="49" count="19" type="cond" truecount="2" falsecount="0"/>
        <line num="51" count="19" type="stmt"/>
        <line num="71" count="17" type="stmt"/>
        <line num="72" count="17" type="stmt"/>
        <line num="73" count="17" type="stmt"/>
        <line num="88" count="17" type="stmt"/>
        <line num="89" count="17" type="stmt"/>
        <line num="90" count="17" type="stmt"/>
        <line num="91" count="17" type="stmt"/>
      </file>
      <file name="segments.ts" path="/Users/vinhng/Documents/SelftTaught/ReactNative/react-native-wheel/src/core/segments.ts">
        <metrics statements="19" coveredstatements="19" conditionals="12" coveredconditionals="10" methods="5" coveredmethods="5"/>
        <line num="9" count="2" type="stmt"/>
        <line num="12" count="2" type="stmt"/>
        <line num="32" count="42" type="cond" truecount="2" falsecount="0"/>
        <line num="33" count="13" type="stmt"/>
        <line num="35" count="13" type="stmt"/>
        <line num="36" count="42" type="cond" truecount="2" falsecount="0"/>
        <line num="37" count="42" type="stmt"/>
        <line num="38" count="42" type="stmt"/>
        <line num="39" count="42" type="stmt"/>
        <line num="40" count="42" type="stmt"/>
        <line num="41" count="42" type="stmt"/>
        <line num="60" count="4" type="cond" truecount="1" falsecount="1"/>
        <line num="62" count="4" type="stmt"/>
        <line num="63" count="15" type="stmt"/>
        <line num="64" count="15" type="cond" truecount="2" falsecount="0"/>
        <line num="65" count="1" type="stmt"/>
        <line num="69" count="14" type="stmt"/>
        <line num="70" count="14" type="cond" truecount="2" falsecount="1"/>
        <line num="72" count="14" type="stmt"/>
      </file>
      <file name="winner.ts" path="/Users/vinhng/Documents/SelftTaught/ReactNative/react-native-wheel/src/core/winner.ts">
        <metrics statements="35" coveredstatements="30" conditionals="21" coveredconditionals="18" methods="8" coveredmethods="8"/>
        <line num="4" count="1" type="stmt"/>
        <line num="8" count="4451" type="stmt"/>
        <line num="9" count="2152" type="cond" truecount="2" falsecount="0"/>
        <line num="10" count="2" type="stmt"/>
        <line num="12" count="2150" type="stmt"/>
        <line num="13" count="2150" type="stmt"/>
        <line num="14" count="2150" type="cond" truecount="1" falsecount="1"/>
        <line num="15" count="0" type="stmt"/>
        <line num="17" count="2150" type="stmt"/>
        <line num="25" count="34351" type="stmt"/>
        <line num="26" count="12152" type="cond" truecount="2" falsecount="0"/>
        <line num="27" count="2" type="stmt"/>
        <line num="30" count="12150" type="stmt"/>
        <line num="31" count="34250" type="cond" truecount="2" falsecount="0"/>
        <line num="34" count="12150" type="stmt"/>
        <line num="35" count="12150" type="stmt"/>
        <line num="37" count="12150" type="stmt"/>
        <line num="38" count="26645" type="cond" truecount="2" falsecount="0"/>
        <line num="39" count="26645" type="cond" truecount="2" falsecount="0"/>
        <line num="40" count="12150" type="stmt"/>
        <line num="45" count="0" type="stmt"/>
        <line num="46" count="0" type="cond" truecount="0" falsecount="2"/>
        <line num="47" count="0" type="stmt"/>
        <line num="49" count="0" type="stmt"/>
        <line num="57" count="9" type="stmt"/>
        <line num="58" count="5" type="cond" truecount="2" falsecount="0"/>
        <line num="59" count="2" type="stmt"/>
        <line num="61" count="3" type="cond" truecount="2" falsecount="0"/>
        <line num="62" count="1" type="stmt"/>
        <line num="66" count="2" type="stmt"/>
        <line num="89" count="47" type="stmt"/>
        <line num="90" count="47" type="stmt"/>
        <line num="91" count="47" type="stmt"/>
        <line num="93" count="47" type="cond" truecount="2" falsecount="0"/>
        <line num="94" count="47" type="stmt"/>
      </file>
    </package>
    <package name="utils">
      <metrics statements="5" coveredstatements="1" conditionals="0" coveredconditionals="0" methods="5" coveredmethods="1"/>
      <file name="math.ts" path="/Users/vinhng/Documents/SelftTaught/ReactNative/react-native-wheel/src/utils/math.ts">
        <metrics statements="5" coveredstatements="1" conditionals="0" coveredconditionals="0" methods="5" coveredmethods="1"/>
        <line num="2" count="0" type="stmt"/>
        <line num="7" count="0" type="stmt"/>
        <line num="11" count="85" type="stmt"/>
        <line num="15" count="0" type="stmt"/>
        <line num="19" count="0" type="stmt"/>
      </file>
    </package>
  </project>
</coverage>
