{"/Users/vinhng/Documents/SelftTaught/ReactNative/react-native-wheel/src/core/geometry.ts": {"path":"/Users/vinhng/Documents/SelftTaught/ReactNative/react-native-wheel/src/core/geometry.ts","statementMap":{"0":{"start":{"line":14,"column":14},"end":{"line":14,"column":40}},"1":{"start":{"line":15,"column":2},"end":{"line":18,"column":4}},"2":{"start":{"line":35,"column":18},"end":{"line":35,"column":39}},"3":{"start":{"line":37,"column":2},"end":{"line":45,"column":3}},"4":{"start":{"line":38,"column":15},"end":{"line":38,"column":54}},"5":{"start":{"line":39,"column":15},"end":{"line":39,"column":60}},"6":{"start":{"line":40,"column":4},"end":{"line":44,"column":6}},"7":{"start":{"line":47,"column":16},"end":{"line":47,"column":55}},"8":{"start":{"line":48,"column":14},"end":{"line":48,"column":51}},"9":{"start":{"line":49,"column":23},"end":{"line":49,"column":44}},"10":{"start":{"line":51,"column":2},"end":{"line":55,"column":4}},"11":{"start":{"line":71,"column":19},"end":{"line":71,"column":46}},"12":{"start":{"line":72,"column":14},"end":{"line":72,"column":65}},"13":{"start":{"line":73,"column":2},"end":{"line":73,"column":52}},"14":{"start":{"line":88,"column":19},"end":{"line":88,"column":46}},"15":{"start":{"line":89,"column":15},"end":{"line":89,"column":23}},"16":{"start":{"line":90,"column":14},"end":{"line":90,"column":58}},"17":{"start":{"line":91,"column":2},"end":{"line":91,"column":59}}},"fnMap":{"0":{"name":"polarToCartesian","decl":{"start":{"line":8,"column":16},"end":{"line":8,"column":32}},"loc":{"start":{"line":13,"column":28},"end":{"line":19,"column":1}},"line":13},"1":{"name":"createSectorPath","decl":{"start":{"line":28,"column":16},"end":{"line":28,"column":32}},"loc":{"start":{"line":34,"column":10},"end":{"line":56,"column":1}},"line":34},"2":{"name":"calculateLabelPosition","decl":{"start":{"line":63,"column":16},"end":{"line":63,"column":38}},"loc":{"start":{"line":70,"column":17},"end":{"line":74,"column":1}},"line":70},"3":{"name":"calculateImagePosition","decl":{"start":{"line":81,"column":16},"end":{"line":81,"column":38}},"loc":{"start":{"line":87,"column":17},"end":{"line":92,"column":1}},"line":87}},"branchMap":{"0":{"loc":{"start":{"line":37,"column":2},"end":{"line":45,"column":3}},"type":"if","locations":[{"start":{"line":37,"column":2},"end":{"line":45,"column":3}},{"start":{},"end":{}}],"line":37},"1":{"loc":{"start":{"line":49,"column":23},"end":{"line":49,"column":44}},"type":"cond-expr","locations":[{"start":{"line":49,"column":39},"end":{"line":49,"column":40}},{"start":{"line":49,"column":43},"end":{"line":49,"column":44}}],"line":49},"2":{"loc":{"start":{"line":69,"column":2},"end":{"line":69,"column":28}},"type":"default-arg","locations":[{"start":{"line":69,"column":24},"end":{"line":69,"column":28}}],"line":69}},"s":{"0":85,"1":85,"2":22,"3":22,"4":3,"5":3,"6":3,"7":19,"8":19,"9":19,"10":19,"11":17,"12":17,"13":17,"14":17,"15":17,"16":17,"17":17},"f":{"0":85,"1":22,"2":17,"3":17},"b":{"0":[3,19],"1":[1,18],"2":[16]},"_coverageSchema":"1a1c01bbd47fc00a2c39e90264f33305004495a9","hash":"a35521820c337b5cdd5c6da5ce39ca0faa572cdd"}
,"/Users/vinhng/Documents/SelftTaught/ReactNative/react-native-wheel/src/core/segments.ts": {"path":"/Users/vinhng/Documents/SelftTaught/ReactNative/react-native-wheel/src/core/segments.ts","statementMap":{"0":{"start":{"line":9,"column":20},"end":{"line":9,"column":23}},"1":{"start":{"line":12,"column":50},"end":{"line":21,"column":1}},"2":{"start":{"line":32,"column":22},"end":{"line":32,"column":78}},"3":{"start":{"line":32,"column":50},"end":{"line":32,"column":74}},"4":{"start":{"line":33,"column":15},"end":{"line":33,"column":26}},"5":{"start":{"line":35,"column":2},"end":{"line":42,"column":5}},"6":{"start":{"line":36,"column":17},"end":{"line":36,"column":57}},"7":{"start":{"line":37,"column":23},"end":{"line":37,"column":29}},"8":{"start":{"line":38,"column":21},"end":{"line":38,"column":34}},"9":{"start":{"line":39,"column":21},"end":{"line":39,"column":48}},"10":{"start":{"line":40,"column":4},"end":{"line":40,"column":22}},"11":{"start":{"line":41,"column":4},"end":{"line":41,"column":59}},"12":{"start":{"line":60,"column":17},"end":{"line":60,"column":63}},"13":{"start":{"line":62,"column":2},"end":{"line":83,"column":5}},"14":{"start":{"line":63,"column":18},"end":{"line":63,"column":31}},"15":{"start":{"line":64,"column":4},"end":{"line":68,"column":5}},"16":{"start":{"line":65,"column":6},"end":{"line":67,"column":8}},"17":{"start":{"line":69,"column":47},"end":{"line":69,"column":52}},"18":{"start":{"line":70,"column":18},"end":{"line":70,"column":74}},"19":{"start":{"line":72,"column":4},"end":{"line":82,"column":6}}},"fnMap":{"0":{"name":"calculateSegmentAngles","decl":{"start":{"line":31,"column":16},"end":{"line":31,"column":38}},"loc":{"start":{"line":31,"column":75},"end":{"line":43,"column":1}},"line":31},"1":{"name":"(anonymous_1)","decl":{"start":{"line":32,"column":35},"end":{"line":32,"column":36}},"loc":{"start":{"line":32,"column":50},"end":{"line":32,"column":74}},"line":32},"2":{"name":"(anonymous_2)","decl":{"start":{"line":35,"column":19},"end":{"line":35,"column":20}},"loc":{"start":{"line":35,"column":29},"end":{"line":42,"column":3}},"line":35},"3":{"name":"buildSegmentLayouts","decl":{"start":{"line":52,"column":16},"end":{"line":52,"column":35}},"loc":{"start":{"line":59,"column":19},"end":{"line":84,"column":1}},"line":59},"4":{"name":"(anonymous_4)","decl":{"start":{"line":62,"column":19},"end":{"line":62,"column":20}},"loc":{"start":{"line":62,"column":36},"end":{"line":83,"column":3}},"line":62}},"branchMap":{"0":{"loc":{"start":{"line":32,"column":57},"end":{"line":32,"column":73}},"type":"binary-expr","locations":[{"start":{"line":32,"column":57},"end":{"line":32,"column":68}},{"start":{"line":32,"column":72},"end":{"line":32,"column":73}}],"line":32},"1":{"loc":{"start":{"line":36,"column":19},"end":{"line":36,"column":35}},"type":"binary-expr","locations":[{"start":{"line":36,"column":19},"end":{"line":36,"column":30}},{"start":{"line":36,"column":34},"end":{"line":36,"column":35}}],"line":36},"2":{"loc":{"start":{"line":58,"column":2},"end":{"line":58,"column":46}},"type":"default-arg","locations":[{"start":{"line":58,"column":31},"end":{"line":58,"column":46}}],"line":58},"3":{"loc":{"start":{"line":60,"column":17},"end":{"line":60,"column":63}},"type":"cond-expr","locations":[{"start":{"line":60,"column":38},"end":{"line":60,"column":45}},{"start":{"line":60,"column":48},"end":{"line":60,"column":63}}],"line":60},"4":{"loc":{"start":{"line":64,"column":4},"end":{"line":68,"column":5}},"type":"if","locations":[{"start":{"line":64,"column":4},"end":{"line":68,"column":5}},{"start":{},"end":{}}],"line":64},"5":{"loc":{"start":{"line":70,"column":18},"end":{"line":70,"column":74}},"type":"binary-expr","locations":[{"start":{"line":70,"column":18},"end":{"line":70,"column":28}},{"start":{"line":70,"column":32},"end":{"line":70,"column":61}},{"start":{"line":70,"column":65},"end":{"line":70,"column":74}}],"line":70}},"s":{"0":1,"1":1,"2":12,"3":38,"4":12,"5":12,"6":38,"7":38,"8":38,"9":38,"10":38,"11":38,"12":4,"13":4,"14":15,"15":15,"16":1,"17":14,"18":14,"19":14},"f":{"0":12,"1":38,"2":38,"3":4,"4":15},"b":{"0":[38,35],"1":[38,35],"2":[4],"3":[4,0],"4":[1,14],"5":[14,13,0]},"_coverageSchema":"1a1c01bbd47fc00a2c39e90264f33305004495a9","hash":"c07f500d685317a9d54f58d25c774c33e94906d1"}
,"/Users/vinhng/Documents/SelftTaught/ReactNative/react-native-wheel/src/utils/math.ts": {"path":"/Users/vinhng/Documents/SelftTaught/ReactNative/react-native-wheel/src/utils/math.ts","statementMap":{"0":{"start":{"line":2,"column":2},"end":{"line":2,"column":45}},"1":{"start":{"line":7,"column":2},"end":{"line":7,"column":35}},"2":{"start":{"line":11,"column":2},"end":{"line":11,"column":31}},"3":{"start":{"line":15,"column":2},"end":{"line":15,"column":31}},"4":{"start":{"line":19,"column":2},"end":{"line":19,"column":25}}},"fnMap":{"0":{"name":"clamp","decl":{"start":{"line":1,"column":16},"end":{"line":1,"column":21}},"loc":{"start":{"line":1,"column":71},"end":{"line":3,"column":1}},"line":1},"1":{"name":"normalizeAngle","decl":{"start":{"line":6,"column":16},"end":{"line":6,"column":30}},"loc":{"start":{"line":6,"column":52},"end":{"line":8,"column":1}},"line":6},"2":{"name":"degreesToRadians","decl":{"start":{"line":10,"column":16},"end":{"line":10,"column":32}},"loc":{"start":{"line":10,"column":54},"end":{"line":12,"column":1}},"line":10},"3":{"name":"radiansToDegrees","decl":{"start":{"line":14,"column":16},"end":{"line":14,"column":32}},"loc":{"start":{"line":14,"column":54},"end":{"line":16,"column":1}},"line":14},"4":{"name":"lerp","decl":{"start":{"line":18,"column":16},"end":{"line":18,"column":20}},"loc":{"start":{"line":18,"column":62},"end":{"line":20,"column":1}},"line":18}},"branchMap":{},"s":{"0":0,"1":0,"2":85,"3":0,"4":0},"f":{"0":0,"1":0,"2":85,"3":0,"4":0},"b":{},"_coverageSchema":"1a1c01bbd47fc00a2c39e90264f33305004495a9","hash":"dc46312e641697b866d2f3abe388fed9ee192ed3"}
}
