{"/Users/vinhng/Documents/SelftTaught/ReactNative/react-native-wheel/src/index.tsx": {"path":"/Users/vinhng/Documents/SelftTaught/ReactNative/react-native-wheel/src/index.tsx","statementMap":{},"fnMap":{},"branchMap":{},"s":{},"f":{},"b":{},"_coverageSchema":"1a1c01bbd47fc00a2c39e90264f33305004495a9","hash":"22f642f34ceb5dc56e163ea5a73aacefa3f4664d"}
,"/Users/vinhng/Documents/SelftTaught/ReactNative/react-native-wheel/src/components/CenterDot.tsx": {"path":"/Users/vinhng/Documents/SelftTaught/ReactNative/react-native-wheel/src/components/CenterDot.tsx","statementMap":{"0":{"start":{"line":11,"column":25},"end":{"line":11,"column":27}},"1":{"start":{"line":13,"column":25},"end":{"line":36,"column":2}},"2":{"start":{"line":19,"column":15},"end":{"line":19,"column":26}},"3":{"start":{"line":20,"column":2},"end":{"line":35,"column":4}},"4":{"start":{"line":38,"column":15},"end":{"line":48,"column":2}}},"fnMap":{"0":{"name":"CenterDotComponent","decl":{"start":{"line":13,"column":45},"end":{"line":13,"column":63}},"loc":{"start":{"line":18,"column":19},"end":{"line":36,"column":1}},"line":18}},"branchMap":{"0":{"loc":{"start":{"line":16,"column":2},"end":{"line":16,"column":19}},"type":"default-arg","locations":[{"start":{"line":16,"column":10},"end":{"line":16,"column":19}}],"line":16},"1":{"loc":{"start":{"line":17,"column":2},"end":{"line":17,"column":28}},"type":"default-arg","locations":[{"start":{"line":17,"column":12},"end":{"line":17,"column":28}}],"line":17}},"s":{"0":4,"1":4,"2":37,"3":37,"4":4},"f":{"0":37},"b":{"0":[8],"1":[34]},"_coverageSchema":"1a1c01bbd47fc00a2c39e90264f33305004495a9","hash":"f81114b60c7adf86babac539622a7a27caaa5191"}
,"/Users/vinhng/Documents/SelftTaught/ReactNative/react-native-wheel/src/components/Pointer.tsx": {"path":"/Users/vinhng/Documents/SelftTaught/ReactNative/react-native-wheel/src/components/Pointer.tsx","statementMap":{"0":{"start":{"line":11,"column":10},"end":{"line":11,"column":12}},"1":{"start":{"line":12,"column":10},"end":{"line":12,"column":12}},"2":{"start":{"line":13,"column":10},"end":{"line":13,"column":12}},"3":{"start":{"line":14,"column":11},"end":{"line":14,"column":13}},"4":{"start":{"line":15,"column":11},"end":{"line":15,"column":13}},"5":{"start":{"line":18,"column":13},"end":{"line":18,"column":105}},"6":{"start":{"line":21,"column":19},"end":{"line":21,"column":20}},"7":{"start":{"line":23,"column":23},"end":{"line":60,"column":2}},"8":{"start":{"line":27,"column":2},"end":{"line":59,"column":4}},"9":{"start":{"line":62,"column":15},"end":{"line":70,"column":2}}},"fnMap":{"0":{"name":"PointerComponent","decl":{"start":{"line":23,"column":43},"end":{"line":23,"column":59}},"loc":{"start":{"line":26,"column":17},"end":{"line":60,"column":1}},"line":26}},"branchMap":{"0":{"loc":{"start":{"line":25,"column":2},"end":{"line":25,"column":19}},"type":"default-arg","locations":[{"start":{"line":25,"column":10},"end":{"line":25,"column":19}}],"line":25}},"s":{"0":4,"1":4,"2":4,"3":4,"4":4,"5":4,"6":4,"7":4,"8":32,"9":4},"f":{"0":32},"b":{"0":[3]},"_coverageSchema":"1a1c01bbd47fc00a2c39e90264f33305004495a9","hash":"29380e7ffb48e9881ebf419eb82ffce8fff67ac8"}
,"/Users/vinhng/Documents/SelftTaught/ReactNative/react-native-wheel/src/components/SectorSlice.tsx": {"path":"/Users/vinhng/Documents/SelftTaught/ReactNative/react-native-wheel/src/components/SectorSlice.tsx","statementMap":{"0":{"start":{"line":20,"column":23},"end":{"line":20,"column":25}},"1":{"start":{"line":21,"column":24},"end":{"line":21,"column":26}},"2":{"start":{"line":23,"column":27},"end":{"line":76,"column":2}},"3":{"start":{"line":29,"column":62},"end":{"line":29,"column":68}},"4":{"start":{"line":32,"column":2},"end":{"line":34,"column":3}},"5":{"start":{"line":33,"column":4},"end":{"line":33,"column":45}},"6":{"start":{"line":36,"column":2},"end":{"line":75,"column":4}}},"fnMap":{"0":{"name":"SectorSliceComponent","decl":{"start":{"line":23,"column":47},"end":{"line":23,"column":67}},"loc":{"start":{"line":28,"column":21},"end":{"line":76,"column":1}},"line":28}},"branchMap":{"0":{"loc":{"start":{"line":32,"column":2},"end":{"line":34,"column":3}},"type":"if","locations":[{"start":{"line":32,"column":2},"end":{"line":34,"column":3}},{"start":{},"end":{}}],"line":32},"1":{"loc":{"start":{"line":40,"column":7},"end":{"line":49,"column":7}},"type":"binary-expr","locations":[{"start":{"line":40,"column":7},"end":{"line":40,"column":20}},{"start":{"line":41,"column":8},"end":{"line":48,"column":10}}],"line":40},"2":{"loc":{"start":{"line":51,"column":7},"end":{"line":73,"column":7}},"type":"cond-expr","locations":[{"start":{"line":52,"column":8},"end":{"line":59,"column":24}},{"start":{"line":61,"column":8},"end":{"line":72,"column":18}}],"line":51}},"s":{"0":3,"1":3,"2":3,"3":125,"4":125,"5":5,"6":120},"f":{"0":125},"b":{"0":[5,120],"1":[120,5],"2":[1,119]},"_coverageSchema":"1a1c01bbd47fc00a2c39e90264f33305004495a9","hash":"953450ec81d42db51bcb5c9990849ac74a1d621b"}
,"/Users/vinhng/Documents/SelftTaught/ReactNative/react-native-wheel/src/components/Wheel.tsx": {"path":"/Users/vinhng/Documents/SelftTaught/ReactNative/react-native-wheel/src/components/Wheel.tsx","statementMap":{"0":{"start":{"line":18,"column":21},"end":{"line":18,"column":24}},"1":{"start":{"line":21,"column":64},"end":{"line":21,"column":68}},"2":{"start":{"line":22,"column":0},"end":{"line":28,"column":1}},"3":{"start":{"line":23,"column":2},"end":{"line":25,"column":14}},"4":{"start":{"line":30,"column":21},"end":{"line":156,"column":1}},"5":{"start":{"line":45,"column":10},"end":{"line":45,"column":15}},"6":{"start":{"line":47,"column":28},"end":{"line":50,"column":7}},"7":{"start":{"line":48,"column":14},"end":{"line":48,"column":44}},"8":{"start":{"line":53,"column":28},"end":{"line":59,"column":7}},"9":{"start":{"line":55,"column":10},"end":{"line":55,"column":67}},"10":{"start":{"line":56,"column":10},"end":{"line":56,"column":30}},"11":{"start":{"line":63,"column":26},"end":{"line":63,"column":48}},"12":{"start":{"line":65,"column":67},"end":{"line":72,"column":8}},"13":{"start":{"line":74,"column":6},"end":{"line":87,"column":8}},"14":{"start":{"line":76,"column":15},"end":{"line":85,"column":9}},"15":{"start":{"line":77,"column":22},"end":{"line":77,"column":49}},"16":{"start":{"line":78,"column":34},"end":{"line":78,"column":65}},"17":{"start":{"line":79,"column":23},"end":{"line":79,"column":51}},"18":{"start":{"line":80,"column":22},"end":{"line":80,"column":49}},"19":{"start":{"line":82,"column":12},"end":{"line":82,"column":50}},"20":{"start":{"line":84,"column":12},"end":{"line":84,"column":58}},"21":{"start":{"line":89,"column":42},"end":{"line":91,"column":12}},"22":{"start":{"line":90,"column":8},"end":{"line":90,"column":36}},"23":{"start":{"line":94,"column":37},"end":{"line":102,"column":7}},"24":{"start":{"line":96,"column":10},"end":{"line":100,"column":11}},"25":{"start":{"line":104,"column":36},"end":{"line":112,"column":7}},"26":{"start":{"line":106,"column":10},"end":{"line":110,"column":11}},"27":{"start":{"line":114,"column":43},"end":{"line":126,"column":7}},"28":{"start":{"line":128,"column":24},"end":{"line":134,"column":7}},"29":{"start":{"line":136,"column":6},"end":{"line":147,"column":7}},"30":{"start":{"line":137,"column":8},"end":{"line":141,"column":9}},"31":{"start":{"line":138,"column":10},"end":{"line":140,"column":12}},"32":{"start":{"line":142,"column":8},"end":{"line":146,"column":10}},"33":{"start":{"line":149,"column":6},"end":{"line":153,"column":8}}},"fnMap":{"0":{"name":"WheelForwardRef","decl":{"start":{"line":32,"column":13},"end":{"line":32,"column":28}},"loc":{"start":{"line":32,"column":50},"end":{"line":154,"column":5}},"line":32},"1":{"name":"(anonymous_1)","decl":{"start":{"line":48,"column":8},"end":{"line":48,"column":9}},"loc":{"start":{"line":48,"column":14},"end":{"line":48,"column":44}},"line":48},"2":{"name":"(anonymous_2)","decl":{"start":{"line":54,"column":8},"end":{"line":54,"column":9}},"loc":{"start":{"line":54,"column":31},"end":{"line":57,"column":9}},"line":54},"3":{"name":"(anonymous_3)","decl":{"start":{"line":76,"column":8},"end":{"line":76,"column":9}},"loc":{"start":{"line":76,"column":15},"end":{"line":85,"column":9}},"line":76},"4":{"name":"(anonymous_4)","decl":{"start":{"line":77,"column":16},"end":{"line":77,"column":17}},"loc":{"start":{"line":77,"column":22},"end":{"line":77,"column":49}},"line":77},"5":{"name":"(anonymous_5)","decl":{"start":{"line":78,"column":18},"end":{"line":78,"column":19}},"loc":{"start":{"line":78,"column":34},"end":{"line":78,"column":65}},"line":78},"6":{"name":"(anonymous_6)","decl":{"start":{"line":79,"column":17},"end":{"line":79,"column":18}},"loc":{"start":{"line":79,"column":23},"end":{"line":79,"column":51}},"line":79},"7":{"name":"(anonymous_7)","decl":{"start":{"line":80,"column":16},"end":{"line":80,"column":17}},"loc":{"start":{"line":80,"column":22},"end":{"line":80,"column":49}},"line":80},"8":{"name":"(anonymous_8)","decl":{"start":{"line":81,"column":23},"end":{"line":81,"column":24}},"loc":{"start":{"line":82,"column":12},"end":{"line":82,"column":50}},"line":82},"9":{"name":"(anonymous_9)","decl":{"start":{"line":83,"column":30},"end":{"line":83,"column":31}},"loc":{"start":{"line":84,"column":12},"end":{"line":84,"column":58}},"line":84},"10":{"name":"(anonymous_10)","decl":{"start":{"line":89,"column":54},"end":{"line":89,"column":55}},"loc":{"start":{"line":89,"column":60},"end":{"line":91,"column":7}},"line":89},"11":{"name":"(anonymous_11)","decl":{"start":{"line":95,"column":8},"end":{"line":95,"column":9}},"loc":{"start":{"line":96,"column":10},"end":{"line":100,"column":11}},"line":96},"12":{"name":"(anonymous_12)","decl":{"start":{"line":105,"column":8},"end":{"line":105,"column":9}},"loc":{"start":{"line":106,"column":10},"end":{"line":110,"column":11}},"line":106}},"branchMap":{"0":{"loc":{"start":{"line":34,"column":8},"end":{"line":34,"column":24}},"type":"default-arg","locations":[{"start":{"line":34,"column":19},"end":{"line":34,"column":24}}],"line":34},"1":{"loc":{"start":{"line":35,"column":8},"end":{"line":35,"column":27}},"type":"default-arg","locations":[{"start":{"line":35,"column":15},"end":{"line":35,"column":27}}],"line":35},"2":{"loc":{"start":{"line":36,"column":8},"end":{"line":36,"column":24}},"type":"default-arg","locations":[{"start":{"line":36,"column":19},"end":{"line":36,"column":24}}],"line":36},"3":{"loc":{"start":{"line":48,"column":27},"end":{"line":48,"column":43}},"type":"binary-expr","locations":[{"start":{"line":48,"column":27},"end":{"line":48,"column":32}},{"start":{"line":48,"column":36},"end":{"line":48,"column":43}}],"line":48},"4":{"loc":{"start":{"line":84,"column":12},"end":{"line":84,"column":58}},"type":"binary-expr","locations":[{"start":{"line":84,"column":12},"end":{"line":84,"column":53}},{"start":{"line":84,"column":57},"end":{"line":84,"column":58}}],"line":84},"5":{"loc":{"start":{"line":96,"column":10},"end":{"line":100,"column":11}},"type":"cond-expr","locations":[{"start":{"line":97,"column":12},"end":{"line":97,"column":27}},{"start":{"line":99,"column":12},"end":{"line":99,"column":65}}],"line":96},"6":{"loc":{"start":{"line":106,"column":10},"end":{"line":110,"column":11}},"type":"cond-expr","locations":[{"start":{"line":107,"column":12},"end":{"line":107,"column":26}},{"start":{"line":109,"column":12},"end":{"line":109,"column":74}}],"line":106},"7":{"loc":{"start":{"line":131,"column":28},"end":{"line":131,"column":66}},"type":"binary-expr","locations":[{"start":{"line":131,"column":28},"end":{"line":131,"column":46}},{"start":{"line":131,"column":50},"end":{"line":131,"column":66}}],"line":131},"8":{"loc":{"start":{"line":136,"column":6},"end":{"line":147,"column":7}},"type":"if","locations":[{"start":{"line":136,"column":6},"end":{"line":147,"column":7}},{"start":{},"end":{}}],"line":136},"9":{"loc":{"start":{"line":137,"column":8},"end":{"line":141,"column":9}},"type":"if","locations":[{"start":{"line":137,"column":8},"end":{"line":141,"column":9}},{"start":{},"end":{}}],"line":137}},"s":{"0":2,"1":2,"2":2,"3":2,"4":2,"5":36,"6":36,"7":29,"8":36,"9":6,"10":6,"11":36,"12":36,"13":36,"14":17,"15":6,"16":1,"17":1,"18":1,"19":1,"20":1,"21":36,"22":0,"23":36,"24":31,"25":36,"26":31,"27":36,"28":36,"29":36,"30":2,"31":0,"32":2,"33":34},"f":{"0":36,"1":29,"2":6,"3":17,"4":6,"5":1,"6":1,"7":1,"8":1,"9":1,"10":0,"11":31,"12":31},"b":{"0":[34],"1":[35],"2":[35],"3":[29,27],"4":[1,0],"5":[1,30],"6":[1,30],"7":[36,36],"8":[2,34],"9":[0,2]},"_coverageSchema":"1a1c01bbd47fc00a2c39e90264f33305004495a9","hash":"8879206bbae63a2410bbff1df51cab1da3ae6c25"}
,"/Users/vinhng/Documents/SelftTaught/ReactNative/react-native-wheel/src/components/WheelSVG.tsx": {"path":"/Users/vinhng/Documents/SelftTaught/ReactNative/react-native-wheel/src/components/WheelSVG.tsx","statementMap":{"0":{"start":{"line":14,"column":21},"end":{"line":14,"column":22}},"1":{"start":{"line":30,"column":24},"end":{"line":85,"column":2}},"2":{"start":{"line":43,"column":24},"end":{"line":45,"column":5}},"3":{"start":{"line":43,"column":48},"end":{"line":45,"column":3}},"4":{"start":{"line":47,"column":2},"end":{"line":84,"column":4}},"5":{"start":{"line":55,"column":16},"end":{"line":61,"column":18}},"6":{"start":{"line":87,"column":15},"end":{"line":94,"column":2}}},"fnMap":{"0":{"name":"WheelSVGComponent","decl":{"start":{"line":30,"column":44},"end":{"line":30,"column":61}},"loc":{"start":{"line":42,"column":18},"end":{"line":85,"column":1}},"line":42},"1":{"name":"(anonymous_1)","decl":{"start":{"line":43,"column":41},"end":{"line":43,"column":42}},"loc":{"start":{"line":43,"column":48},"end":{"line":45,"column":3}},"line":43},"2":{"name":"(anonymous_2)","decl":{"start":{"line":54,"column":34},"end":{"line":54,"column":35}},"loc":{"start":{"line":55,"column":16},"end":{"line":61,"column":18}},"line":55}},"branchMap":{"0":{"loc":{"start":{"line":69,"column":7},"end":{"line":69,"column":72}},"type":"cond-expr","locations":[{"start":{"line":69,"column":31},"end":{"line":69,"column":46}},{"start":{"line":69,"column":49},"end":{"line":69,"column":72}}],"line":69},"1":{"loc":{"start":{"line":70,"column":7},"end":{"line":70,"column":76}},"type":"cond-expr","locations":[{"start":{"line":70,"column":30},"end":{"line":70,"column":44}},{"start":{"line":70,"column":47},"end":{"line":70,"column":76}}],"line":70},"2":{"loc":{"start":{"line":73,"column":7},"end":{"line":82,"column":7}},"type":"binary-expr","locations":[{"start":{"line":73,"column":7},"end":{"line":73,"column":26}},{"start":{"line":74,"column":8},"end":{"line":81,"column":10}}],"line":73}},"s":{"0":2,"1":2,"2":29,"3":29,"4":29,"5":121,"6":2},"f":{"0":29,"1":29,"2":121},"b":{"0":[29,0],"1":[29,0],"2":[29,29]},"_coverageSchema":"1a1c01bbd47fc00a2c39e90264f33305004495a9","hash":"bd6f72ec4c87458df83264906440dc9e01f9bc94"}
,"/Users/vinhng/Documents/SelftTaught/ReactNative/react-native-wheel/src/components/WheelSkia.tsx": {"path":"/Users/vinhng/Documents/SelftTaught/ReactNative/react-native-wheel/src/components/WheelSkia.tsx","statementMap":{"0":{"start":{"line":32,"column":16},"end":{"line":32,"column":34}},"1":{"start":{"line":33,"column":2},"end":{"line":33,"column":26}},"2":{"start":{"line":33,"column":14},"end":{"line":33,"column":26}},"3":{"start":{"line":34,"column":2},"end":{"line":43,"column":4}},"4":{"start":{"line":55,"column":24},"end":{"line":94,"column":2}},"5":{"start":{"line":61,"column":62},"end":{"line":61,"column":68}},"6":{"start":{"line":63,"column":2},"end":{"line":65,"column":3}},"7":{"start":{"line":64,"column":4},"end":{"line":64,"column":53}},"8":{"start":{"line":67,"column":20},"end":{"line":67,"column":54}},"9":{"start":{"line":68,"column":22},"end":{"line":68,"column":62}},"10":{"start":{"line":70,"column":2},"end":{"line":93,"column":4}},"11":{"start":{"line":98,"column":21},"end":{"line":98,"column":22}},"12":{"start":{"line":115,"column":25},"end":{"line":175,"column":2}},"13":{"start":{"line":130,"column":20},"end":{"line":132,"column":4}},"14":{"start":{"line":130,"column":56},"end":{"line":132,"column":3}},"15":{"start":{"line":135,"column":15},"end":{"line":138,"column":3}},"16":{"start":{"line":136,"column":10},"end":{"line":136,"column":57}},"17":{"start":{"line":140,"column":2},"end":{"line":174,"column":4}},"18":{"start":{"line":146,"column":14},"end":{"line":152,"column":16}},"19":{"start":{"line":177,"column":15},"end":{"line":184,"column":2}}},"fnMap":{"0":{"name":"SkiaSegmentImage","decl":{"start":{"line":31,"column":9},"end":{"line":31,"column":25}},"loc":{"start":{"line":31,"column":78},"end":{"line":44,"column":1}},"line":31},"1":{"name":"SkiaSectorSliceComponent","decl":{"start":{"line":55,"column":44},"end":{"line":55,"column":68}},"loc":{"start":{"line":60,"column":25},"end":{"line":94,"column":1}},"line":60},"2":{"name":"WheelSkiaComponent","decl":{"start":{"line":115,"column":45},"end":{"line":115,"column":63}},"loc":{"start":{"line":127,"column":19},"end":{"line":175,"column":1}},"line":127},"3":{"name":"(anonymous_3)","decl":{"start":{"line":130,"column":50},"end":{"line":130,"column":51}},"loc":{"start":{"line":130,"column":56},"end":{"line":132,"column":3}},"line":130},"4":{"name":"(anonymous_4)","decl":{"start":{"line":136,"column":4},"end":{"line":136,"column":5}},"loc":{"start":{"line":136,"column":10},"end":{"line":136,"column":57}},"line":136},"5":{"name":"(anonymous_5)","decl":{"start":{"line":145,"column":32},"end":{"line":145,"column":33}},"loc":{"start":{"line":146,"column":14},"end":{"line":152,"column":16}},"line":146}},"branchMap":{"0":{"loc":{"start":{"line":33,"column":2},"end":{"line":33,"column":26}},"type":"if","locations":[{"start":{"line":33,"column":2},"end":{"line":33,"column":26}},{"start":{},"end":{}}],"line":33},"1":{"loc":{"start":{"line":63,"column":2},"end":{"line":65,"column":3}},"type":"if","locations":[{"start":{"line":63,"column":2},"end":{"line":65,"column":3}},{"start":{},"end":{}}],"line":63},"2":{"loc":{"start":{"line":73,"column":7},"end":{"line":78,"column":7}},"type":"binary-expr","locations":[{"start":{"line":73,"column":7},"end":{"line":73,"column":28}},{"start":{"line":74,"column":8},"end":{"line":77,"column":10}}],"line":73},"3":{"loc":{"start":{"line":159,"column":7},"end":{"line":159,"column":72}},"type":"cond-expr","locations":[{"start":{"line":159,"column":31},"end":{"line":159,"column":46}},{"start":{"line":159,"column":49},"end":{"line":159,"column":72}}],"line":159},"4":{"loc":{"start":{"line":160,"column":7},"end":{"line":160,"column":76}},"type":"cond-expr","locations":[{"start":{"line":160,"column":30},"end":{"line":160,"column":44}},{"start":{"line":160,"column":47},"end":{"line":160,"column":76}}],"line":160},"5":{"loc":{"start":{"line":163,"column":7},"end":{"line":172,"column":7}},"type":"binary-expr","locations":[{"start":{"line":163,"column":7},"end":{"line":163,"column":26}},{"start":{"line":164,"column":8},"end":{"line":171,"column":10}}],"line":163}},"s":{"0":5,"1":5,"2":5,"3":0,"4":3,"5":10,"6":10,"7":1,"8":9,"9":9,"10":9,"11":3,"12":3,"13":4,"14":4,"15":4,"16":4,"17":4,"18":10,"19":3},"f":{"0":5,"1":10,"2":4,"3":4,"4":4,"5":10},"b":{"0":[5,0],"1":[1,9],"2":[9,5],"3":[2,2],"4":[2,2],"5":[4,2]},"_coverageSchema":"1a1c01bbd47fc00a2c39e90264f33305004495a9","hash":"1adc28b08a8e4a36029b9740cd7ff32c3198ae8c"}
,"/Users/vinhng/Documents/SelftTaught/ReactNative/react-native-wheel/src/core/geometry.ts": {"path":"/Users/vinhng/Documents/SelftTaught/ReactNative/react-native-wheel/src/core/geometry.ts","statementMap":{"0":{"start":{"line":14,"column":14},"end":{"line":14,"column":40}},"1":{"start":{"line":15,"column":2},"end":{"line":18,"column":4}},"2":{"start":{"line":35,"column":18},"end":{"line":35,"column":39}},"3":{"start":{"line":37,"column":2},"end":{"line":45,"column":3}},"4":{"start":{"line":38,"column":15},"end":{"line":38,"column":54}},"5":{"start":{"line":39,"column":15},"end":{"line":39,"column":60}},"6":{"start":{"line":40,"column":4},"end":{"line":44,"column":6}},"7":{"start":{"line":47,"column":16},"end":{"line":47,"column":55}},"8":{"start":{"line":48,"column":14},"end":{"line":48,"column":51}},"9":{"start":{"line":49,"column":23},"end":{"line":49,"column":44}},"10":{"start":{"line":51,"column":2},"end":{"line":55,"column":4}},"11":{"start":{"line":71,"column":19},"end":{"line":71,"column":46}},"12":{"start":{"line":72,"column":14},"end":{"line":72,"column":65}},"13":{"start":{"line":75,"column":19},"end":{"line":75,"column":79}},"14":{"start":{"line":76,"column":2},"end":{"line":76,"column":42}},"15":{"start":{"line":91,"column":19},"end":{"line":91,"column":46}},"16":{"start":{"line":92,"column":15},"end":{"line":92,"column":23}},"17":{"start":{"line":93,"column":14},"end":{"line":93,"column":58}},"18":{"start":{"line":94,"column":2},"end":{"line":94,"column":59}},"19":{"start":{"line":112,"column":21},"end":{"line":112,"column":62}},"20":{"start":{"line":114,"column":21},"end":{"line":114,"column":70}},"21":{"start":{"line":116,"column":2},"end":{"line":125,"column":3}},"22":{"start":{"line":116,"column":15},"end":{"line":116,"column":16}},"23":{"start":{"line":117,"column":16},"end":{"line":117,"column":32}},"24":{"start":{"line":118,"column":4},"end":{"line":124,"column":5}},"25":{"start":{"line":123,"column":6},"end":{"line":123,"column":15}},"26":{"start":{"line":128,"column":2},"end":{"line":128,"column":34}}},"fnMap":{"0":{"name":"polarToCartesian","decl":{"start":{"line":8,"column":16},"end":{"line":8,"column":32}},"loc":{"start":{"line":13,"column":28},"end":{"line":19,"column":1}},"line":13},"1":{"name":"createSectorPath","decl":{"start":{"line":28,"column":16},"end":{"line":28,"column":32}},"loc":{"start":{"line":34,"column":10},"end":{"line":56,"column":1}},"line":34},"2":{"name":"calculateLabelPosition","decl":{"start":{"line":63,"column":16},"end":{"line":63,"column":38}},"loc":{"start":{"line":70,"column":17},"end":{"line":77,"column":1}},"line":70},"3":{"name":"calculateImagePosition","decl":{"start":{"line":84,"column":16},"end":{"line":84,"column":38}},"loc":{"start":{"line":90,"column":17},"end":{"line":95,"column":1}},"line":90},"4":{"name":"computeCurrentSegmentIndex","decl":{"start":{"line":107,"column":16},"end":{"line":107,"column":42}},"loc":{"start":{"line":110,"column":10},"end":{"line":129,"column":1}},"line":110}},"branchMap":{"0":{"loc":{"start":{"line":37,"column":2},"end":{"line":45,"column":3}},"type":"if","locations":[{"start":{"line":37,"column":2},"end":{"line":45,"column":3}},{"start":{},"end":{}}],"line":37},"1":{"loc":{"start":{"line":49,"column":23},"end":{"line":49,"column":44}},"type":"cond-expr","locations":[{"start":{"line":49,"column":39},"end":{"line":49,"column":40}},{"start":{"line":49,"column":43},"end":{"line":49,"column":44}}],"line":49},"2":{"loc":{"start":{"line":69,"column":2},"end":{"line":69,"column":28}},"type":"default-arg","locations":[{"start":{"line":69,"column":24},"end":{"line":69,"column":28}}],"line":69},"3":{"loc":{"start":{"line":75,"column":19},"end":{"line":75,"column":79}},"type":"cond-expr","locations":[{"start":{"line":75,"column":54},"end":{"line":75,"column":68}},{"start":{"line":75,"column":71},"end":{"line":75,"column":79}}],"line":75},"4":{"loc":{"start":{"line":75,"column":19},"end":{"line":75,"column":51}},"type":"binary-expr","locations":[{"start":{"line":75,"column":19},"end":{"line":75,"column":33}},{"start":{"line":75,"column":37},"end":{"line":75,"column":51}}],"line":75},"5":{"loc":{"start":{"line":114,"column":21},"end":{"line":114,"column":70}},"type":"cond-expr","locations":[{"start":{"line":114,"column":41},"end":{"line":114,"column":57}},{"start":{"line":114,"column":60},"end":{"line":114,"column":70}}],"line":114},"6":{"loc":{"start":{"line":118,"column":4},"end":{"line":124,"column":5}},"type":"if","locations":[{"start":{"line":118,"column":4},"end":{"line":124,"column":5}},{"start":{},"end":{}}],"line":118},"7":{"loc":{"start":{"line":119,"column":6},"end":{"line":121,"column":31}},"type":"binary-expr","locations":[{"start":{"line":119,"column":6},"end":{"line":119,"column":23}},{"start":{"line":120,"column":6},"end":{"line":120,"column":34}},{"start":{"line":121,"column":6},"end":{"line":121,"column":31}}],"line":119}},"s":{"0":682,"1":682,"2":171,"3":171,"4":10,"5":10,"6":10,"7":161,"8":161,"9":161,"10":161,"11":167,"12":167,"13":167,"14":167,"15":166,"16":166,"17":166,"18":166,"19":425,"20":425,"21":425,"22":425,"23":1009,"24":1009,"25":418,"26":7},"f":{"0":682,"1":171,"2":167,"3":166,"4":425},"b":{"0":[10,161],"1":[2,159],"2":[166],"3":[87,80],"4":[167,87],"5":[138,287],"6":[418,591],"7":[1009,1009,985]},"_coverageSchema":"1a1c01bbd47fc00a2c39e90264f33305004495a9","hash":"bab24438e48b21d549252cd34e0a7fc75cb24f9c"}
,"/Users/vinhng/Documents/SelftTaught/ReactNative/react-native-wheel/src/core/physics.ts": {"path":"/Users/vinhng/Documents/SelftTaught/ReactNative/react-native-wheel/src/core/physics.ts","statementMap":{"0":{"start":{"line":14,"column":2},"end":{"line":17,"column":4}},"1":{"start":{"line":30,"column":2},"end":{"line":30,"column":28}},"2":{"start":{"line":30,"column":19},"end":{"line":30,"column":28}},"3":{"start":{"line":31,"column":2},"end":{"line":31,"column":50}}},"fnMap":{"0":{"name":"resolvePhysicsConfig","decl":{"start":{"line":11,"column":16},"end":{"line":11,"column":36}},"loc":{"start":{"line":13,"column":25},"end":{"line":18,"column":1}},"line":13},"1":{"name":"velocityToAngularVelocity","decl":{"start":{"line":25,"column":16},"end":{"line":25,"column":41}},"loc":{"start":{"line":28,"column":10},"end":{"line":32,"column":1}},"line":28}},"branchMap":{"0":{"loc":{"start":{"line":15,"column":18},"end":{"line":15,"column":47}},"type":"binary-expr","locations":[{"start":{"line":15,"column":18},"end":{"line":15,"column":38}},{"start":{"line":15,"column":42},"end":{"line":15,"column":47}}],"line":15},"1":{"loc":{"start":{"line":16,"column":17},"end":{"line":16,"column":43}},"type":"binary-expr","locations":[{"start":{"line":16,"column":17},"end":{"line":16,"column":36}},{"start":{"line":16,"column":40},"end":{"line":16,"column":43}}],"line":16},"2":{"loc":{"start":{"line":30,"column":2},"end":{"line":30,"column":28}},"type":"if","locations":[{"start":{"line":30,"column":2},"end":{"line":30,"column":28}},{"start":{},"end":{}}],"line":30}},"s":{"0":5,"1":9,"2":2,"3":7},"f":{"0":5,"1":9},"b":{"0":[5,3],"1":[5,3],"2":[2,7]},"_coverageSchema":"1a1c01bbd47fc00a2c39e90264f33305004495a9","hash":"bba18d50702765ac3df9db2c35f48baab2802ef3"}
,"/Users/vinhng/Documents/SelftTaught/ReactNative/react-native-wheel/src/core/segments.ts": {"path":"/Users/vinhng/Documents/SelftTaught/ReactNative/react-native-wheel/src/core/segments.ts","statementMap":{"0":{"start":{"line":9,"column":20},"end":{"line":9,"column":23}},"1":{"start":{"line":12,"column":50},"end":{"line":21,"column":1}},"2":{"start":{"line":32,"column":22},"end":{"line":32,"column":78}},"3":{"start":{"line":32,"column":50},"end":{"line":32,"column":74}},"4":{"start":{"line":33,"column":15},"end":{"line":33,"column":26}},"5":{"start":{"line":35,"column":2},"end":{"line":42,"column":5}},"6":{"start":{"line":36,"column":17},"end":{"line":36,"column":57}},"7":{"start":{"line":37,"column":23},"end":{"line":37,"column":29}},"8":{"start":{"line":38,"column":21},"end":{"line":38,"column":34}},"9":{"start":{"line":39,"column":21},"end":{"line":39,"column":48}},"10":{"start":{"line":40,"column":4},"end":{"line":40,"column":22}},"11":{"start":{"line":41,"column":4},"end":{"line":41,"column":59}},"12":{"start":{"line":60,"column":17},"end":{"line":60,"column":63}},"13":{"start":{"line":62,"column":2},"end":{"line":83,"column":5}},"14":{"start":{"line":63,"column":18},"end":{"line":63,"column":31}},"15":{"start":{"line":64,"column":4},"end":{"line":68,"column":5}},"16":{"start":{"line":65,"column":6},"end":{"line":67,"column":8}},"17":{"start":{"line":69,"column":47},"end":{"line":69,"column":52}},"18":{"start":{"line":70,"column":18},"end":{"line":70,"column":74}},"19":{"start":{"line":72,"column":4},"end":{"line":82,"column":6}}},"fnMap":{"0":{"name":"calculateSegmentAngles","decl":{"start":{"line":31,"column":16},"end":{"line":31,"column":38}},"loc":{"start":{"line":31,"column":75},"end":{"line":43,"column":1}},"line":31},"1":{"name":"(anonymous_1)","decl":{"start":{"line":32,"column":35},"end":{"line":32,"column":36}},"loc":{"start":{"line":32,"column":50},"end":{"line":32,"column":74}},"line":32},"2":{"name":"(anonymous_2)","decl":{"start":{"line":35,"column":19},"end":{"line":35,"column":20}},"loc":{"start":{"line":35,"column":29},"end":{"line":42,"column":3}},"line":35},"3":{"name":"buildSegmentLayouts","decl":{"start":{"line":52,"column":16},"end":{"line":52,"column":35}},"loc":{"start":{"line":59,"column":19},"end":{"line":84,"column":1}},"line":59},"4":{"name":"(anonymous_4)","decl":{"start":{"line":62,"column":19},"end":{"line":62,"column":20}},"loc":{"start":{"line":62,"column":36},"end":{"line":83,"column":3}},"line":62}},"branchMap":{"0":{"loc":{"start":{"line":32,"column":57},"end":{"line":32,"column":73}},"type":"binary-expr","locations":[{"start":{"line":32,"column":57},"end":{"line":32,"column":68}},{"start":{"line":32,"column":72},"end":{"line":32,"column":73}}],"line":32},"1":{"loc":{"start":{"line":36,"column":19},"end":{"line":36,"column":35}},"type":"binary-expr","locations":[{"start":{"line":36,"column":19},"end":{"line":36,"column":30}},{"start":{"line":36,"column":34},"end":{"line":36,"column":35}}],"line":36},"2":{"loc":{"start":{"line":58,"column":2},"end":{"line":58,"column":46}},"type":"default-arg","locations":[{"start":{"line":58,"column":31},"end":{"line":58,"column":46}}],"line":58},"3":{"loc":{"start":{"line":60,"column":17},"end":{"line":60,"column":63}},"type":"cond-expr","locations":[{"start":{"line":60,"column":38},"end":{"line":60,"column":45}},{"start":{"line":60,"column":48},"end":{"line":60,"column":63}}],"line":60},"4":{"loc":{"start":{"line":64,"column":4},"end":{"line":68,"column":5}},"type":"if","locations":[{"start":{"line":64,"column":4},"end":{"line":68,"column":5}},{"start":{},"end":{}}],"line":64},"5":{"loc":{"start":{"line":70,"column":18},"end":{"line":70,"column":74}},"type":"binary-expr","locations":[{"start":{"line":70,"column":18},"end":{"line":70,"column":28}},{"start":{"line":70,"column":32},"end":{"line":70,"column":61}},{"start":{"line":70,"column":65},"end":{"line":70,"column":74}}],"line":70}},"s":{"0":9,"1":9,"2":57,"3":196,"4":57,"5":57,"6":196,"7":196,"8":196,"9":196,"10":196,"11":196,"12":46,"13":46,"14":164,"15":164,"16":1,"17":163,"18":163,"19":163},"f":{"0":57,"1":196,"2":196,"3":46,"4":164},"b":{"0":[196,188],"1":[196,188],"2":[43],"3":[46,0],"4":[1,163],"5":[163,54,0]},"_coverageSchema":"1a1c01bbd47fc00a2c39e90264f33305004495a9","hash":"c07f500d685317a9d54f58d25c774c33e94906d1"}
,"/Users/vinhng/Documents/SelftTaught/ReactNative/react-native-wheel/src/core/winner.ts": {"path":"/Users/vinhng/Documents/SelftTaught/ReactNative/react-native-wheel/src/core/winner.ts","statementMap":{"0":{"start":{"line":4,"column":22},"end":{"line":4,"column":25}},"1":{"start":{"line":8,"column":19},"end":{"line":8,"column":57}},"2":{"start":{"line":8,"column":42},"end":{"line":8,"column":56}},"3":{"start":{"line":9,"column":2},"end":{"line":13,"column":3}},"4":{"start":{"line":10,"column":4},"end":{"line":12,"column":6}},"5":{"start":{"line":14,"column":16},"end":{"line":14,"column":59}},"6":{"start":{"line":15,"column":17},"end":{"line":15,"column":32}},"7":{"start":{"line":16,"column":2},"end":{"line":18,"column":3}},"8":{"start":{"line":17,"column":4},"end":{"line":17,"column":62}},"9":{"start":{"line":19,"column":2},"end":{"line":19,"column":16}},"10":{"start":{"line":27,"column":19},"end":{"line":27,"column":57}},"11":{"start":{"line":27,"column":42},"end":{"line":27,"column":56}},"12":{"start":{"line":28,"column":2},"end":{"line":30,"column":3}},"13":{"start":{"line":29,"column":4},"end":{"line":29,"column":63}},"14":{"start":{"line":32,"column":22},"end":{"line":35,"column":3}},"15":{"start":{"line":33,"column":19},"end":{"line":33,"column":43}},"16":{"start":{"line":36,"column":15},"end":{"line":36,"column":42}},"17":{"start":{"line":37,"column":19},"end":{"line":37,"column":20}},"18":{"start":{"line":39,"column":2},"end":{"line":44,"column":3}},"19":{"start":{"line":40,"column":4},"end":{"line":40,"column":35}},"20":{"start":{"line":41,"column":4},"end":{"line":43,"column":5}},"21":{"start":{"line":42,"column":6},"end":{"line":42,"column":18}},"22":{"start":{"line":47,"column":15},"end":{"line":47,"column":44}},"23":{"start":{"line":48,"column":2},"end":{"line":50,"column":3}},"24":{"start":{"line":49,"column":4},"end":{"line":49,"column":66}},"25":{"start":{"line":51,"column":2},"end":{"line":51,"column":14}},"26":{"start":{"line":59,"column":16},"end":{"line":59,"column":52}},"27":{"start":{"line":59,"column":37},"end":{"line":59,"column":51}},"28":{"start":{"line":60,"column":2},"end":{"line":62,"column":3}},"29":{"start":{"line":61,"column":4},"end":{"line":61,"column":78}},"30":{"start":{"line":63,"column":2},"end":{"line":65,"column":3}},"31":{"start":{"line":64,"column":4},"end":{"line":64,"column":80}},"32":{"start":{"line":66,"column":2},"end":{"line":66,"column":15}},"33":{"start":{"line":89,"column":4},"end":{"line":89,"column":64}},"34":{"start":{"line":90,"column":21},"end":{"line":90,"column":58}},"35":{"start":{"line":91,"column":20},"end":{"line":91,"column":58}},"36":{"start":{"line":93,"column":17},"end":{"line":93,"column":50}},"37":{"start":{"line":94,"column":2},"end":{"line":94,"column":51}}},"fnMap":{"0":{"name":"selectRandomWinner","decl":{"start":{"line":7,"column":16},"end":{"line":7,"column":34}},"loc":{"start":{"line":7,"column":66},"end":{"line":20,"column":1}},"line":7},"1":{"name":"(anonymous_1)","decl":{"start":{"line":8,"column":32},"end":{"line":8,"column":33}},"loc":{"start":{"line":8,"column":42},"end":{"line":8,"column":56}},"line":8},"2":{"name":"selectWeightedWinner","decl":{"start":{"line":26,"column":16},"end":{"line":26,"column":36}},"loc":{"start":{"line":26,"column":68},"end":{"line":52,"column":1}},"line":26},"3":{"name":"(anonymous_3)","decl":{"start":{"line":27,"column":32},"end":{"line":27,"column":33}},"loc":{"start":{"line":27,"column":42},"end":{"line":27,"column":56}},"line":27},"4":{"name":"(anonymous_4)","decl":{"start":{"line":33,"column":4},"end":{"line":33,"column":5}},"loc":{"start":{"line":33,"column":19},"end":{"line":33,"column":43}},"line":33},"5":{"name":"selectControlledWinner","decl":{"start":{"line":55,"column":16},"end":{"line":55,"column":38}},"loc":{"start":{"line":58,"column":13},"end":{"line":67,"column":1}},"line":58},"6":{"name":"(anonymous_6)","decl":{"start":{"line":59,"column":27},"end":{"line":59,"column":28}},"loc":{"start":{"line":59,"column":37},"end":{"line":59,"column":51}},"line":59},"7":{"name":"calculateTargetRotation","decl":{"start":{"line":83,"column":16},"end":{"line":83,"column":39}},"loc":{"start":{"line":87,"column":10},"end":{"line":95,"column":1}},"line":87}},"branchMap":{"0":{"loc":{"start":{"line":9,"column":2},"end":{"line":13,"column":3}},"type":"if","locations":[{"start":{"line":9,"column":2},"end":{"line":13,"column":3}},{"start":{},"end":{}}],"line":9},"1":{"loc":{"start":{"line":16,"column":2},"end":{"line":18,"column":3}},"type":"if","locations":[{"start":{"line":16,"column":2},"end":{"line":18,"column":3}},{"start":{},"end":{}}],"line":16},"2":{"loc":{"start":{"line":28,"column":2},"end":{"line":30,"column":3}},"type":"if","locations":[{"start":{"line":28,"column":2},"end":{"line":30,"column":3}},{"start":{},"end":{}}],"line":28},"3":{"loc":{"start":{"line":33,"column":26},"end":{"line":33,"column":42}},"type":"binary-expr","locations":[{"start":{"line":33,"column":26},"end":{"line":33,"column":37}},{"start":{"line":33,"column":41},"end":{"line":33,"column":42}}],"line":33},"4":{"loc":{"start":{"line":40,"column":18},"end":{"line":40,"column":34}},"type":"binary-expr","locations":[{"start":{"line":40,"column":18},"end":{"line":40,"column":29}},{"start":{"line":40,"column":33},"end":{"line":40,"column":34}}],"line":40},"5":{"loc":{"start":{"line":41,"column":4},"end":{"line":43,"column":5}},"type":"if","locations":[{"start":{"line":41,"column":4},"end":{"line":43,"column":5}},{"start":{},"end":{}}],"line":41},"6":{"loc":{"start":{"line":48,"column":2},"end":{"line":50,"column":3}},"type":"if","locations":[{"start":{"line":48,"column":2},"end":{"line":50,"column":3}},{"start":{},"end":{}}],"line":48},"7":{"loc":{"start":{"line":60,"column":2},"end":{"line":62,"column":3}},"type":"if","locations":[{"start":{"line":60,"column":2},"end":{"line":62,"column":3}},{"start":{},"end":{}}],"line":60},"8":{"loc":{"start":{"line":63,"column":2},"end":{"line":65,"column":3}},"type":"if","locations":[{"start":{"line":63,"column":2},"end":{"line":65,"column":3}},{"start":{},"end":{}}],"line":63},"9":{"loc":{"start":{"line":86,"column":2},"end":{"line":86,"column":22}},"type":"default-arg","locations":[{"start":{"line":86,"column":21},"end":{"line":86,"column":22}}],"line":86},"10":{"loc":{"start":{"line":93,"column":17},"end":{"line":93,"column":50}},"type":"cond-expr","locations":[{"start":{"line":93,"column":35},"end":{"line":93,"column":38}},{"start":{"line":93,"column":41},"end":{"line":93,"column":50}}],"line":93}},"s":{"0":6,"1":2157,"2":4464,"3":2157,"4":3,"5":2154,"6":2154,"7":2154,"8":1,"9":2153,"10":12154,"11":34357,"12":12154,"13":2,"14":12152,"15":34256,"16":12152,"17":12152,"18":12152,"19":26543,"20":26543,"21":12151,"22":1,"23":1,"24":0,"25":1,"26":7,"27":14,"28":7,"29":2,"30":5,"31":1,"32":4,"33":57,"34":57,"35":57,"36":57,"37":57},"f":{"0":2157,"1":4464,"2":12154,"3":34357,"4":34256,"5":7,"6":14,"7":57},"b":{"0":[3,2154],"1":[1,2153],"2":[2,12152],"3":[34256,2000],"4":[26543,971],"5":[12151,14392],"6":[0,1],"7":[2,5],"8":[1,4],"9":[42],"10":[5,52]},"_coverageSchema":"1a1c01bbd47fc00a2c39e90264f33305004495a9","hash":"64c8104a2b6a792033d978b177d9a948cbe4a8e2"}
,"/Users/vinhng/Documents/SelftTaught/ReactNative/react-native-wheel/src/hooks/useSegments.ts": {"path":"/Users/vinhng/Documents/SelftTaught/ReactNative/react-native-wheel/src/hooks/useSegments.ts","statementMap":{"0":{"start":{"line":17,"column":2},"end":{"line":21,"column":34}},"1":{"start":{"line":18,"column":4},"end":{"line":18,"column":38}},"2":{"start":{"line":18,"column":28},"end":{"line":18,"column":38}},"3":{"start":{"line":19,"column":19},"end":{"line":19,"column":48}},"4":{"start":{"line":20,"column":4},"end":{"line":20,"column":66}}},"fnMap":{"0":{"name":"useSegments","decl":{"start":{"line":10,"column":16},"end":{"line":10,"column":27}},"loc":{"start":{"line":16,"column":19},"end":{"line":22,"column":1}},"line":16},"1":{"name":"(anonymous_1)","decl":{"start":{"line":17,"column":17},"end":{"line":17,"column":18}},"loc":{"start":{"line":17,"column":23},"end":{"line":21,"column":3}},"line":17}},"branchMap":{"0":{"loc":{"start":{"line":18,"column":4},"end":{"line":18,"column":38}},"type":"if","locations":[{"start":{"line":18,"column":4},"end":{"line":18,"column":38}},{"start":{},"end":{}}],"line":18}},"s":{"0":50,"1":44,"2":2,"3":42,"4":42},"f":{"0":50,"1":44},"b":{"0":[2,42]},"_coverageSchema":"1a1c01bbd47fc00a2c39e90264f33305004495a9","hash":"5ba04ab847d55250cfe3c97369bffc3c4efab353"}
,"/Users/vinhng/Documents/SelftTaught/ReactNative/react-native-wheel/src/hooks/useWheel.ts": {"path":"/Users/vinhng/Documents/SelftTaught/ReactNative/react-native-wheel/src/hooks/useWheel.ts","statementMap":{"0":{"start":{"line":33,"column":21},"end":{"line":33,"column":24}},"1":{"start":{"line":34,"column":25},"end":{"line":34,"column":29}},"2":{"start":{"line":35,"column":30},"end":{"line":35,"column":32}},"3":{"start":{"line":81,"column":6},"end":{"line":81,"column":13}},"4":{"start":{"line":83,"column":13},"end":{"line":83,"column":21}},"5":{"start":{"line":84,"column":13},"end":{"line":84,"column":21}},"6":{"start":{"line":85,"column":12},"end":{"line":85,"column":20}},"7":{"start":{"line":89,"column":18},"end":{"line":92,"column":3}},"8":{"start":{"line":90,"column":11},"end":{"line":90,"column":66}},"9":{"start":{"line":95,"column":40},"end":{"line":95,"column":67}},"10":{"start":{"line":98,"column":2},"end":{"line":100,"column":13}},"11":{"start":{"line":99,"column":4},"end":{"line":99,"column":25}},"12":{"start":{"line":102,"column":25},"end":{"line":102,"column":69}},"13":{"start":{"line":103,"column":34},"end":{"line":103,"column":49}},"14":{"start":{"line":106,"column":27},"end":{"line":106,"column":57}},"15":{"start":{"line":108,"column":24},"end":{"line":118,"column":53}},"16":{"start":{"line":109,"column":19},"end":{"line":109,"column":43}},"17":{"start":{"line":110,"column":4},"end":{"line":110,"column":24}},"18":{"start":{"line":110,"column":17},"end":{"line":110,"column":24}},"19":{"start":{"line":111,"column":4},"end":{"line":111,"column":36}},"20":{"start":{"line":113,"column":4},"end":{"line":113,"column":25}},"21":{"start":{"line":114,"column":4},"end":{"line":114,"column":24}},"22":{"start":{"line":115,"column":4},"end":{"line":117,"column":5}},"23":{"start":{"line":116,"column":6},"end":{"line":116,"column":77}},"24":{"start":{"line":116,"column":31},"end":{"line":116,"column":75}},"25":{"start":{"line":116,"column":53},"end":{"line":116,"column":74}},"26":{"start":{"line":121,"column":21},"end":{"line":127,"column":3}},"27":{"start":{"line":123,"column":19},"end":{"line":123,"column":35}},"28":{"start":{"line":124,"column":6},"end":{"line":124,"column":31}},"29":{"start":{"line":124,"column":16},"end":{"line":124,"column":31}},"30":{"start":{"line":129,"column":29},"end":{"line":135,"column":3}},"31":{"start":{"line":131,"column":19},"end":{"line":131,"column":35}},"32":{"start":{"line":132,"column":6},"end":{"line":132,"column":39}},"33":{"start":{"line":132,"column":16},"end":{"line":132,"column":39}},"34":{"start":{"line":137,"column":58},"end":{"line":145,"column":4}},"35":{"start":{"line":148,"column":22},"end":{"line":188,"column":3}},"36":{"start":{"line":150,"column":6},"end":{"line":150,"column":35}},"37":{"start":{"line":150,"column":28},"end":{"line":150,"column":35}},"38":{"start":{"line":153,"column":6},"end":{"line":166,"column":7}},"39":{"start":{"line":154,"column":8},"end":{"line":160,"column":9}},"40":{"start":{"line":155,"column":10},"end":{"line":155,"column":65}},"41":{"start":{"line":156,"column":15},"end":{"line":160,"column":9}},"42":{"start":{"line":157,"column":10},"end":{"line":157,"column":53}},"43":{"start":{"line":159,"column":10},"end":{"line":159,"column":51}},"44":{"start":{"line":162,"column":8},"end":{"line":164,"column":9}},"45":{"start":{"line":163,"column":10},"end":{"line":163,"column":71}},"46":{"start":{"line":165,"column":8},"end":{"line":165,"column":15}},"47":{"start":{"line":168,"column":27},"end":{"line":168,"column":73}},"48":{"start":{"line":168,"column":54},"end":{"line":168,"column":72}},"49":{"start":{"line":169,"column":6},"end":{"line":169,"column":32}},"50":{"start":{"line":169,"column":25},"end":{"line":169,"column":32}},"51":{"start":{"line":171,"column":6},"end":{"line":171,"column":40}},"52":{"start":{"line":172,"column":6},"end":{"line":172,"column":31}},"53":{"start":{"line":173,"column":6},"end":{"line":176,"column":8}},"54":{"start":{"line":190,"column":27},"end":{"line":196,"column":3}},"55":{"start":{"line":192,"column":6},"end":{"line":192,"column":64}},"56":{"start":{"line":192,"column":57},"end":{"line":192,"column":64}},"57":{"start":{"line":193,"column":6},"end":{"line":193,"column":38}},"58":{"start":{"line":198,"column":22},"end":{"line":206,"column":4}},"59":{"start":{"line":208,"column":2},"end":{"line":239,"column":4}},"60":{"start":{"line":210,"column":11},"end":{"line":229,"column":5}},"61":{"start":{"line":211,"column":18},"end":{"line":211,"column":49}},"62":{"start":{"line":212,"column":30},"end":{"line":212,"column":45}},"63":{"start":{"line":214,"column":8},"end":{"line":214,"column":18}},"64":{"start":{"line":215,"column":8},"end":{"line":215,"column":40}},"65":{"start":{"line":216,"column":8},"end":{"line":216,"column":29}},"66":{"start":{"line":217,"column":8},"end":{"line":217,"column":29}},"67":{"start":{"line":218,"column":8},"end":{"line":218,"column":24}},"68":{"start":{"line":221,"column":8},"end":{"line":221,"column":18}},"69":{"start":{"line":222,"column":8},"end":{"line":222,"column":40}},"70":{"start":{"line":223,"column":8},"end":{"line":223,"column":29}},"71":{"start":{"line":226,"column":8},"end":{"line":226,"column":32}},"72":{"start":{"line":228,"column":32},"end":{"line":228,"column":46}},"73":{"start":{"line":241,"column":2},"end":{"line":241,"column":78}}},"fnMap":{"0":{"name":"useWheel","decl":{"start":{"line":65,"column":16},"end":{"line":65,"column":24}},"loc":{"start":{"line":65,"column":67},"end":{"line":242,"column":1}},"line":65},"1":{"name":"(anonymous_1)","decl":{"start":{"line":90,"column":4},"end":{"line":90,"column":5}},"loc":{"start":{"line":90,"column":11},"end":{"line":90,"column":66}},"line":90},"2":{"name":"(anonymous_2)","decl":{"start":{"line":98,"column":12},"end":{"line":98,"column":13}},"loc":{"start":{"line":98,"column":18},"end":{"line":100,"column":3}},"line":98},"3":{"name":"(anonymous_3)","decl":{"start":{"line":108,"column":36},"end":{"line":108,"column":37}},"loc":{"start":{"line":108,"column":42},"end":{"line":118,"column":3}},"line":108},"4":{"name":"(anonymous_4)","decl":{"start":{"line":116,"column":21},"end":{"line":116,"column":22}},"loc":{"start":{"line":116,"column":31},"end":{"line":116,"column":75}},"line":116},"5":{"name":"(anonymous_5)","decl":{"start":{"line":116,"column":43},"end":{"line":116,"column":44}},"loc":{"start":{"line":116,"column":53},"end":{"line":116,"column":74}},"line":116},"6":{"name":"(anonymous_6)","decl":{"start":{"line":122,"column":4},"end":{"line":122,"column":5}},"loc":{"start":{"line":122,"column":21},"end":{"line":125,"column":5}},"line":122},"7":{"name":"(anonymous_7)","decl":{"start":{"line":130,"column":4},"end":{"line":130,"column":5}},"loc":{"start":{"line":130,"column":21},"end":{"line":133,"column":5}},"line":130},"8":{"name":"(anonymous_8)","decl":{"start":{"line":149,"column":4},"end":{"line":149,"column":5}},"loc":{"start":{"line":149,"column":27},"end":{"line":177,"column":5}},"line":149},"9":{"name":"(anonymous_9)","decl":{"start":{"line":168,"column":47},"end":{"line":168,"column":48}},"loc":{"start":{"line":168,"column":54},"end":{"line":168,"column":72}},"line":168},"10":{"name":"(anonymous_10)","decl":{"start":{"line":191,"column":4},"end":{"line":191,"column":5}},"loc":{"start":{"line":191,"column":29},"end":{"line":194,"column":5}},"line":191},"11":{"name":"(anonymous_11)","decl":{"start":{"line":210,"column":4},"end":{"line":210,"column":5}},"loc":{"start":{"line":210,"column":11},"end":{"line":229,"column":5}},"line":210},"12":{"name":"(anonymous_12)","decl":{"start":{"line":211,"column":12},"end":{"line":211,"column":13}},"loc":{"start":{"line":211,"column":18},"end":{"line":211,"column":49}},"line":211},"13":{"name":"(anonymous_13)","decl":{"start":{"line":212,"column":14},"end":{"line":212,"column":15}},"loc":{"start":{"line":212,"column":30},"end":{"line":212,"column":45}},"line":212},"14":{"name":"(anonymous_14)","decl":{"start":{"line":213,"column":13},"end":{"line":213,"column":14}},"loc":{"start":{"line":213,"column":19},"end":{"line":219,"column":7}},"line":213},"15":{"name":"(anonymous_15)","decl":{"start":{"line":220,"column":12},"end":{"line":220,"column":13}},"loc":{"start":{"line":220,"column":18},"end":{"line":224,"column":7}},"line":220},"16":{"name":"(anonymous_16)","decl":{"start":{"line":225,"column":19},"end":{"line":225,"column":20}},"loc":{"start":{"line":225,"column":45},"end":{"line":227,"column":7}},"line":225},"17":{"name":"(anonymous_17)","decl":{"start":{"line":228,"column":26},"end":{"line":228,"column":27}},"loc":{"start":{"line":228,"column":32},"end":{"line":228,"column":46}},"line":228}},"branchMap":{"0":{"loc":{"start":{"line":68,"column":4},"end":{"line":68,"column":23}},"type":"default-arg","locations":[{"start":{"line":68,"column":11},"end":{"line":68,"column":23}}],"line":68},"1":{"loc":{"start":{"line":69,"column":4},"end":{"line":69,"column":20}},"type":"default-arg","locations":[{"start":{"line":69,"column":15},"end":{"line":69,"column":20}}],"line":69},"2":{"loc":{"start":{"line":71,"column":4},"end":{"line":71,"column":31}},"type":"default-arg","locations":[{"start":{"line":71,"column":15},"end":{"line":71,"column":31}}],"line":71},"3":{"loc":{"start":{"line":72,"column":4},"end":{"line":72,"column":32}},"type":"default-arg","locations":[{"start":{"line":72,"column":27},"end":{"line":72,"column":32}}],"line":72},"4":{"loc":{"start":{"line":73,"column":4},"end":{"line":73,"column":20}},"type":"default-arg","locations":[{"start":{"line":73,"column":15},"end":{"line":73,"column":20}}],"line":73},"5":{"loc":{"start":{"line":90,"column":11},"end":{"line":90,"column":66}},"type":"cond-expr","locations":[{"start":{"line":90,"column":27},"end":{"line":90,"column":54}},{"start":{"line":90,"column":57},"end":{"line":90,"column":66}}],"line":90},"6":{"loc":{"start":{"line":110,"column":4},"end":{"line":110,"column":24}},"type":"if","locations":[{"start":{"line":110,"column":4},"end":{"line":110,"column":24}},{"start":{},"end":{}}],"line":110},"7":{"loc":{"start":{"line":115,"column":4},"end":{"line":117,"column":5}},"type":"if","locations":[{"start":{"line":115,"column":4},"end":{"line":117,"column":5}},{"start":{},"end":{}}],"line":115},"8":{"loc":{"start":{"line":124,"column":6},"end":{"line":124,"column":31}},"type":"if","locations":[{"start":{"line":124,"column":6},"end":{"line":124,"column":31}},{"start":{},"end":{}}],"line":124},"9":{"loc":{"start":{"line":132,"column":6},"end":{"line":132,"column":39}},"type":"if","locations":[{"start":{"line":132,"column":6},"end":{"line":132,"column":39}},{"start":{},"end":{}}],"line":132},"10":{"loc":{"start":{"line":150,"column":6},"end":{"line":150,"column":35}},"type":"if","locations":[{"start":{"line":150,"column":6},"end":{"line":150,"column":35}},{"start":{},"end":{}}],"line":150},"11":{"loc":{"start":{"line":154,"column":8},"end":{"line":160,"column":9}},"type":"if","locations":[{"start":{"line":154,"column":8},"end":{"line":160,"column":9}},{"start":{"line":156,"column":15},"end":{"line":160,"column":9}}],"line":154},"12":{"loc":{"start":{"line":156,"column":15},"end":{"line":160,"column":9}},"type":"if","locations":[{"start":{"line":156,"column":15},"end":{"line":160,"column":9}},{"start":{"line":158,"column":15},"end":{"line":160,"column":9}}],"line":156},"13":{"loc":{"start":{"line":162,"column":8},"end":{"line":164,"column":9}},"type":"if","locations":[{"start":{"line":162,"column":8},"end":{"line":164,"column":9}},{"start":{},"end":{}}],"line":162},"14":{"loc":{"start":{"line":169,"column":6},"end":{"line":169,"column":32}},"type":"if","locations":[{"start":{"line":169,"column":6},"end":{"line":169,"column":32}},{"start":{},"end":{}}],"line":169},"15":{"loc":{"start":{"line":192,"column":6},"end":{"line":192,"column":64}},"type":"if","locations":[{"start":{"line":192,"column":6},"end":{"line":192,"column":64}},{"start":{},"end":{}}],"line":192},"16":{"loc":{"start":{"line":201,"column":13},"end":{"line":201,"column":42}},"type":"binary-expr","locations":[{"start":{"line":201,"column":13},"end":{"line":201,"column":29}},{"start":{"line":201,"column":33},"end":{"line":201,"column":42}}],"line":201}},"s":{"0":4,"1":4,"2":4,"3":37,"4":37,"5":37,"6":37,"7":37,"8":30,"9":37,"10":37,"11":30,"12":37,"13":37,"14":37,"15":37,"16":6,"17":6,"18":0,"19":6,"20":6,"21":6,"22":6,"23":1,"24":1,"25":4,"26":37,"27":2,"28":2,"29":1,"30":37,"31":2,"32":2,"33":1,"34":37,"35":37,"36":7,"37":0,"38":7,"39":7,"40":2,"41":5,"42":1,"43":4,"44":1,"45":1,"46":1,"47":6,"48":17,"49":6,"50":0,"51":6,"52":6,"53":6,"54":37,"55":0,"56":0,"57":0,"58":37,"59":37,"60":31,"61":6,"62":1,"63":1,"64":1,"65":1,"66":1,"67":1,"68":1,"69":1,"70":1,"71":1,"72":1,"73":37},"f":{"0":37,"1":30,"2":30,"3":6,"4":1,"5":4,"6":2,"7":2,"8":7,"9":17,"10":0,"11":31,"12":6,"13":1,"14":1,"15":1,"16":1,"17":1},"b":{"0":[1],"1":[35],"2":[37],"3":[34],"4":[1],"5":[2,28],"6":[0,6],"7":[1,5],"8":[1,1],"9":[1,1],"10":[0,7],"11":[2,5],"12":[1,4],"13":[1,0],"14":[0,6],"15":[0,0],"16":[37,37]},"_coverageSchema":"1a1c01bbd47fc00a2c39e90264f33305004495a9","hash":"2cb216368691488bfdf8c4196a39315612686f2d"}
,"/Users/vinhng/Documents/SelftTaught/ReactNative/react-native-wheel/src/hooks/useWheelAnimation.ts": {"path":"/Users/vinhng/Documents/SelftTaught/ReactNative/react-native-wheel/src/hooks/useWheelAnimation.ts","statementMap":{"0":{"start":{"line":46,"column":6},"end":{"line":46,"column":13}},"1":{"start":{"line":48,"column":19},"end":{"line":48,"column":36}},"2":{"start":{"line":51,"column":23},"end":{"line":51,"column":40}},"3":{"start":{"line":52,"column":20},"end":{"line":52,"column":34}},"4":{"start":{"line":53,"column":28},"end":{"line":53,"column":50}},"5":{"start":{"line":54,"column":2},"end":{"line":56,"column":18}},"6":{"start":{"line":55,"column":4},"end":{"line":55,"column":37}},"7":{"start":{"line":57,"column":2},"end":{"line":59,"column":15}},"8":{"start":{"line":58,"column":4},"end":{"line":58,"column":31}},"9":{"start":{"line":60,"column":2},"end":{"line":62,"column":23}},"10":{"start":{"line":61,"column":4},"end":{"line":61,"column":47}},"11":{"start":{"line":64,"column":24},"end":{"line":66,"column":8}},"12":{"start":{"line":65,"column":4},"end":{"line":65,"column":29}},"13":{"start":{"line":68,"column":21},"end":{"line":70,"column":8}},"14":{"start":{"line":69,"column":4},"end":{"line":69,"column":29}},"15":{"start":{"line":72,"column":29},"end":{"line":74,"column":8}},"16":{"start":{"line":73,"column":4},"end":{"line":73,"column":37}},"17":{"start":{"line":76,"column":20},"end":{"line":92,"column":3}},"18":{"start":{"line":78,"column":6},"end":{"line":78,"column":22}},"19":{"start":{"line":79,"column":6},"end":{"line":88,"column":8}},"20":{"start":{"line":84,"column":10},"end":{"line":86,"column":11}},"21":{"start":{"line":85,"column":12},"end":{"line":85,"column":40}},"22":{"start":{"line":94,"column":21},"end":{"line":111,"column":3}},"23":{"start":{"line":96,"column":23},"end":{"line":96,"column":52}},"24":{"start":{"line":97,"column":6},"end":{"line":108,"column":8}},"25":{"start":{"line":104,"column":10},"end":{"line":106,"column":11}},"26":{"start":{"line":105,"column":12},"end":{"line":105,"column":40}},"27":{"start":{"line":113,"column":18},"end":{"line":115,"column":16}},"28":{"start":{"line":114,"column":4},"end":{"line":114,"column":30}},"29":{"start":{"line":117,"column":24},"end":{"line":120,"column":16}},"30":{"start":{"line":118,"column":4},"end":{"line":118,"column":30}},"31":{"start":{"line":119,"column":4},"end":{"line":119,"column":23}},"32":{"start":{"line":123,"column":28},"end":{"line":125,"column":21}},"33":{"start":{"line":124,"column":4},"end":{"line":124,"column":69}},"34":{"start":{"line":127,"column":2},"end":{"line":136,"column":4}},"35":{"start":{"line":128,"column":10},"end":{"line":128,"column":33}},"36":{"start":{"line":130,"column":6},"end":{"line":133,"column":7}},"37":{"start":{"line":131,"column":8},"end":{"line":131,"column":42}},"38":{"start":{"line":132,"column":8},"end":{"line":132,"column":50}},"39":{"start":{"line":138,"column":2},"end":{"line":138,"column":69}}},"fnMap":{"0":{"name":"useWheelAnimation","decl":{"start":{"line":36,"column":16},"end":{"line":36,"column":33}},"loc":{"start":{"line":38,"column":27},"end":{"line":139,"column":1}},"line":38},"1":{"name":"(anonymous_1)","decl":{"start":{"line":54,"column":12},"end":{"line":54,"column":13}},"loc":{"start":{"line":54,"column":18},"end":{"line":56,"column":3}},"line":54},"2":{"name":"(anonymous_2)","decl":{"start":{"line":57,"column":12},"end":{"line":57,"column":13}},"loc":{"start":{"line":57,"column":18},"end":{"line":59,"column":3}},"line":57},"3":{"name":"(anonymous_3)","decl":{"start":{"line":60,"column":12},"end":{"line":60,"column":13}},"loc":{"start":{"line":60,"column":18},"end":{"line":62,"column":3}},"line":60},"4":{"name":"(anonymous_4)","decl":{"start":{"line":64,"column":36},"end":{"line":64,"column":37}},"loc":{"start":{"line":64,"column":42},"end":{"line":66,"column":3}},"line":64},"5":{"name":"(anonymous_5)","decl":{"start":{"line":68,"column":33},"end":{"line":68,"column":34}},"loc":{"start":{"line":68,"column":50},"end":{"line":70,"column":3}},"line":68},"6":{"name":"(anonymous_6)","decl":{"start":{"line":72,"column":41},"end":{"line":72,"column":42}},"loc":{"start":{"line":72,"column":58},"end":{"line":74,"column":3}},"line":72},"7":{"name":"(anonymous_7)","decl":{"start":{"line":77,"column":4},"end":{"line":77,"column":5}},"loc":{"start":{"line":77,"column":50},"end":{"line":89,"column":5}},"line":77},"8":{"name":"(anonymous_8)","decl":{"start":{"line":82,"column":8},"end":{"line":82,"column":9}},"loc":{"start":{"line":82,"column":22},"end":{"line":87,"column":9}},"line":82},"9":{"name":"(anonymous_9)","decl":{"start":{"line":95,"column":4},"end":{"line":95,"column":5}},"loc":{"start":{"line":95,"column":42},"end":{"line":109,"column":5}},"line":95},"10":{"name":"(anonymous_10)","decl":{"start":{"line":102,"column":8},"end":{"line":102,"column":9}},"loc":{"start":{"line":102,"column":22},"end":{"line":107,"column":9}},"line":102},"11":{"name":"(anonymous_11)","decl":{"start":{"line":113,"column":30},"end":{"line":113,"column":31}},"loc":{"start":{"line":113,"column":36},"end":{"line":115,"column":3}},"line":113},"12":{"name":"(anonymous_12)","decl":{"start":{"line":117,"column":36},"end":{"line":117,"column":37}},"loc":{"start":{"line":117,"column":42},"end":{"line":120,"column":3}},"line":117},"13":{"name":"(anonymous_13)","decl":{"start":{"line":123,"column":44},"end":{"line":123,"column":45}},"loc":{"start":{"line":123,"column":50},"end":{"line":125,"column":3}},"line":123},"14":{"name":"(anonymous_14)","decl":{"start":{"line":128,"column":4},"end":{"line":128,"column":5}},"loc":{"start":{"line":128,"column":10},"end":{"line":128,"column":33}},"line":128},"15":{"name":"(anonymous_15)","decl":{"start":{"line":129,"column":4},"end":{"line":129,"column":5}},"loc":{"start":{"line":129,"column":27},"end":{"line":134,"column":5}},"line":129}},"branchMap":{"0":{"loc":{"start":{"line":84,"column":10},"end":{"line":86,"column":11}},"type":"if","locations":[{"start":{"line":84,"column":10},"end":{"line":86,"column":11}},{"start":{},"end":{}}],"line":84},"1":{"loc":{"start":{"line":104,"column":10},"end":{"line":106,"column":11}},"type":"if","locations":[{"start":{"line":104,"column":10},"end":{"line":106,"column":11}},{"start":{},"end":{}}],"line":104},"2":{"loc":{"start":{"line":130,"column":6},"end":{"line":133,"column":7}},"type":"if","locations":[{"start":{"line":130,"column":6},"end":{"line":133,"column":7}},{"start":{},"end":{}}],"line":130},"3":{"loc":{"start":{"line":130,"column":10},"end":{"line":130,"column":51}},"type":"binary-expr","locations":[{"start":{"line":130,"column":10},"end":{"line":130,"column":27}},{"start":{"line":130,"column":31},"end":{"line":130,"column":51}}],"line":130}},"s":{"0":42,"1":42,"2":42,"3":42,"4":42,"5":42,"6":35,"7":42,"8":37,"9":42,"10":37,"11":42,"12":8,"13":42,"14":0,"15":42,"16":0,"17":42,"18":7,"19":7,"20":7,"21":7,"22":42,"23":1,"24":1,"25":1,"26":1,"27":42,"28":3,"29":42,"30":2,"31":2,"32":42,"33":42,"34":42,"35":0,"36":0,"37":0,"38":0,"39":42},"f":{"0":42,"1":35,"2":37,"3":37,"4":8,"5":0,"6":0,"7":7,"8":7,"9":1,"10":1,"11":3,"12":2,"13":42,"14":0,"15":0},"b":{"0":[7,0],"1":[1,0],"2":[0,0],"3":[0,0]},"_coverageSchema":"1a1c01bbd47fc00a2c39e90264f33305004495a9","hash":"bcd744447635672fd8c8d290adf399955ab086c5"}
,"/Users/vinhng/Documents/SelftTaught/ReactNative/react-native-wheel/src/hooks/useWheelGesture.ts": {"path":"/Users/vinhng/Documents/SelftTaught/ReactNative/react-native-wheel/src/hooks/useWheelGesture.ts","statementMap":{"0":{"start":{"line":32,"column":62},"end":{"line":32,"column":69}},"1":{"start":{"line":35,"column":20},"end":{"line":35,"column":37}},"2":{"start":{"line":37,"column":24},"end":{"line":37,"column":41}},"3":{"start":{"line":39,"column":18},"end":{"line":77,"column":4}},"4":{"start":{"line":43,"column":6},"end":{"line":43,"column":32}},"5":{"start":{"line":44,"column":6},"end":{"line":44,"column":43}},"6":{"start":{"line":45,"column":17},"end":{"line":45,"column":29}},"7":{"start":{"line":46,"column":17},"end":{"line":46,"column":29}},"8":{"start":{"line":47,"column":6},"end":{"line":47,"column":61}},"9":{"start":{"line":51,"column":17},"end":{"line":51,"column":29}},"10":{"start":{"line":52,"column":17},"end":{"line":52,"column":29}},"11":{"start":{"line":53,"column":27},"end":{"line":53,"column":63}},"12":{"start":{"line":54,"column":18},"end":{"line":54,"column":48}},"13":{"start":{"line":56,"column":6},"end":{"line":56,"column":36}},"14":{"start":{"line":56,"column":23},"end":{"line":56,"column":36}},"15":{"start":{"line":57,"column":6},"end":{"line":57,"column":37}},"16":{"start":{"line":57,"column":24},"end":{"line":57,"column":37}},"17":{"start":{"line":58,"column":6},"end":{"line":58,"column":30}},"18":{"start":{"line":59,"column":6},"end":{"line":59,"column":37}},"19":{"start":{"line":63,"column":17},"end":{"line":63,"column":29}},"20":{"start":{"line":64,"column":17},"end":{"line":64,"column":29}},"21":{"start":{"line":65,"column":19},"end":{"line":65,"column":47}},"22":{"start":{"line":66,"column":6},"end":{"line":69,"column":7}},"23":{"start":{"line":67,"column":8},"end":{"line":67,"column":38}},"24":{"start":{"line":68,"column":8},"end":{"line":68,"column":15}},"25":{"start":{"line":73,"column":8},"end":{"line":73,"column":61}},"26":{"start":{"line":74,"column":21},"end":{"line":74,"column":74}},"27":{"start":{"line":75,"column":6},"end":{"line":75,"column":41}},"28":{"start":{"line":79,"column":2},"end":{"line":79,"column":21}}},"fnMap":{"0":{"name":"useWheelGesture","decl":{"start":{"line":29,"column":16},"end":{"line":29,"column":31}},"loc":{"start":{"line":31,"column":25},"end":{"line":80,"column":1}},"line":31},"1":{"name":"(anonymous_1)","decl":{"start":{"line":41,"column":13},"end":{"line":41,"column":14}},"loc":{"start":{"line":41,"column":24},"end":{"line":48,"column":5}},"line":41},"2":{"name":"(anonymous_2)","decl":{"start":{"line":49,"column":14},"end":{"line":49,"column":15}},"loc":{"start":{"line":49,"column":25},"end":{"line":60,"column":5}},"line":49},"3":{"name":"(anonymous_3)","decl":{"start":{"line":61,"column":18},"end":{"line":61,"column":19}},"loc":{"start":{"line":61,"column":29},"end":{"line":76,"column":5}},"line":61}},"branchMap":{"0":{"loc":{"start":{"line":56,"column":6},"end":{"line":56,"column":36}},"type":"if","locations":[{"start":{"line":56,"column":6},"end":{"line":56,"column":36}},{"start":{},"end":{}}],"line":56},"1":{"loc":{"start":{"line":57,"column":6},"end":{"line":57,"column":37}},"type":"if","locations":[{"start":{"line":57,"column":6},"end":{"line":57,"column":37}},{"start":{},"end":{}}],"line":57},"2":{"loc":{"start":{"line":66,"column":6},"end":{"line":69,"column":7}},"type":"if","locations":[{"start":{"line":66,"column":6},"end":{"line":69,"column":7}},{"start":{},"end":{}}],"line":66}},"s":{"0":38,"1":38,"2":38,"3":38,"4":1,"5":1,"6":1,"7":1,"8":1,"9":1,"10":1,"11":1,"12":1,"13":1,"14":0,"15":1,"16":0,"17":1,"18":1,"19":2,"20":2,"21":2,"22":2,"23":1,"24":1,"25":1,"26":1,"27":1,"28":38},"f":{"0":38,"1":1,"2":1,"3":2},"b":{"0":[0,1],"1":[0,1],"2":[1,1]},"_coverageSchema":"1a1c01bbd47fc00a2c39e90264f33305004495a9","hash":"e2c58d42bec4cb0e4ebf5aee19226df28d6ab86c"}
,"/Users/vinhng/Documents/SelftTaught/ReactNative/react-native-wheel/src/hooks/useWheelState.ts": {"path":"/Users/vinhng/Documents/SelftTaught/ReactNative/react-native-wheel/src/hooks/useWheelState.ts","statementMap":{"0":{"start":{"line":5,"column":79},"end":{"line":10,"column":1}},"1":{"start":{"line":18,"column":36},"end":{"line":18,"column":64}},"2":{"start":{"line":20,"column":23},"end":{"line":33,"column":8}},"3":{"start":{"line":21,"column":4},"end":{"line":32,"column":7}},"4":{"start":{"line":22,"column":22},"end":{"line":22,"column":48}},"5":{"start":{"line":23,"column":6},"end":{"line":30,"column":7}},"6":{"start":{"line":24,"column":8},"end":{"line":28,"column":9}},"7":{"start":{"line":25,"column":10},"end":{"line":27,"column":12}},"8":{"start":{"line":29,"column":8},"end":{"line":29,"column":23}},"9":{"start":{"line":31,"column":6},"end":{"line":31,"column":18}},"10":{"start":{"line":35,"column":2},"end":{"line":35,"column":33}}},"fnMap":{"0":{"name":"useWheelState","decl":{"start":{"line":17,"column":16},"end":{"line":17,"column":29}},"loc":{"start":{"line":17,"column":53},"end":{"line":36,"column":1}},"line":17},"1":{"name":"(anonymous_1)","decl":{"start":{"line":20,"column":35},"end":{"line":20,"column":36}},"loc":{"start":{"line":20,"column":57},"end":{"line":33,"column":3}},"line":20},"2":{"name":"(anonymous_2)","decl":{"start":{"line":21,"column":21},"end":{"line":21,"column":22}},"loc":{"start":{"line":21,"column":34},"end":{"line":32,"column":5}},"line":21}},"branchMap":{"0":{"loc":{"start":{"line":23,"column":6},"end":{"line":30,"column":7}},"type":"if","locations":[{"start":{"line":23,"column":6},"end":{"line":30,"column":7}},{"start":{},"end":{}}],"line":23},"1":{"loc":{"start":{"line":24,"column":8},"end":{"line":28,"column":9}},"type":"if","locations":[{"start":{"line":24,"column":8},"end":{"line":28,"column":9}},{"start":{},"end":{}}],"line":24}},"s":{"0":5,"1":77,"2":77,"3":41,"4":41,"5":41,"6":6,"7":6,"8":6,"9":35,"10":77},"f":{"0":77,"1":41,"2":41},"b":{"0":[6,35],"1":[6,0]},"_coverageSchema":"1a1c01bbd47fc00a2c39e90264f33305004495a9","hash":"21769ab26339ff1b06131648b822bca190f6a11d"}
,"/Users/vinhng/Documents/SelftTaught/ReactNative/react-native-wheel/src/themes/index.ts": {"path":"/Users/vinhng/Documents/SelftTaught/ReactNative/react-native-wheel/src/themes/index.ts","statementMap":{"0":{"start":{"line":4,"column":39},"end":{"line":10,"column":1}},"1":{"start":{"line":12,"column":38},"end":{"line":18,"column":1}},"2":{"start":{"line":23,"column":2},"end":{"line":23,"column":43}},"3":{"start":{"line":23,"column":25},"end":{"line":23,"column":43}},"4":{"start":{"line":24,"column":2},"end":{"line":24,"column":41}},"5":{"start":{"line":24,"column":24},"end":{"line":24,"column":41}},"6":{"start":{"line":25,"column":2},"end":{"line":25,"column":15}}},"fnMap":{"0":{"name":"resolveTheme","decl":{"start":{"line":20,"column":16},"end":{"line":20,"column":28}},"loc":{"start":{"line":22,"column":15},"end":{"line":26,"column":1}},"line":22}},"branchMap":{"0":{"loc":{"start":{"line":23,"column":2},"end":{"line":23,"column":43}},"type":"if","locations":[{"start":{"line":23,"column":2},"end":{"line":23,"column":43}},{"start":{},"end":{}}],"line":23},"1":{"loc":{"start":{"line":24,"column":2},"end":{"line":24,"column":41}},"type":"if","locations":[{"start":{"line":24,"column":2},"end":{"line":24,"column":41}},{"start":{},"end":{}}],"line":24}},"s":{"0":5,"1":5,"2":37,"3":29,"4":8,"5":4,"6":4},"f":{"0":37},"b":{"0":[29,8],"1":[4,4]},"_coverageSchema":"1a1c01bbd47fc00a2c39e90264f33305004495a9","hash":"5f1941ad22242a9349d142dc823f80644ec17d28"}
,"/Users/vinhng/Documents/SelftTaught/ReactNative/react-native-wheel/src/utils/image.ts": {"path":"/Users/vinhng/Documents/SelftTaught/ReactNative/react-native-wheel/src/utils/image.ts","statementMap":{"0":{"start":{"line":1,"column":17},"end":{"line":1,"column":42}},"1":{"start":{"line":4,"column":2},"end":{"line":6,"column":3}},"2":{"start":{"line":5,"column":4},"end":{"line":5,"column":27}},"3":{"start":{"line":8,"column":2},"end":{"line":8,"column":37}},"4":{"start":{"line":12,"column":2},"end":{"line":12,"column":19}}},"fnMap":{"0":{"name":"getCachedImageUri","decl":{"start":{"line":3,"column":16},"end":{"line":3,"column":33}},"loc":{"start":{"line":3,"column":55},"end":{"line":9,"column":1}},"line":3},"1":{"name":"clearImageCache","decl":{"start":{"line":11,"column":16},"end":{"line":11,"column":31}},"loc":{"start":{"line":11,"column":40},"end":{"line":13,"column":1}},"line":11}},"branchMap":{"0":{"loc":{"start":{"line":4,"column":2},"end":{"line":6,"column":3}},"type":"if","locations":[{"start":{"line":4,"column":2},"end":{"line":6,"column":3}},{"start":{},"end":{}}],"line":4}},"s":{"0":4,"1":13,"2":9,"3":13,"4":18},"f":{"0":13,"1":18},"b":{"0":[9,4]},"_coverageSchema":"1a1c01bbd47fc00a2c39e90264f33305004495a9","hash":"3cd1e8f302b7032dd26154a8908cbdf5db95bedb"}
,"/Users/vinhng/Documents/SelftTaught/ReactNative/react-native-wheel/src/utils/math.ts": {"path":"/Users/vinhng/Documents/SelftTaught/ReactNative/react-native-wheel/src/utils/math.ts","statementMap":{"0":{"start":{"line":2,"column":2},"end":{"line":2,"column":45}},"1":{"start":{"line":7,"column":2},"end":{"line":7,"column":35}},"2":{"start":{"line":11,"column":2},"end":{"line":11,"column":31}},"3":{"start":{"line":15,"column":2},"end":{"line":15,"column":31}},"4":{"start":{"line":19,"column":2},"end":{"line":19,"column":25}}},"fnMap":{"0":{"name":"clamp","decl":{"start":{"line":1,"column":16},"end":{"line":1,"column":21}},"loc":{"start":{"line":1,"column":71},"end":{"line":3,"column":1}},"line":1},"1":{"name":"normalizeAngle","decl":{"start":{"line":6,"column":16},"end":{"line":6,"column":30}},"loc":{"start":{"line":6,"column":52},"end":{"line":8,"column":1}},"line":6},"2":{"name":"degreesToRadians","decl":{"start":{"line":10,"column":16},"end":{"line":10,"column":32}},"loc":{"start":{"line":10,"column":54},"end":{"line":12,"column":1}},"line":10},"3":{"name":"radiansToDegrees","decl":{"start":{"line":14,"column":16},"end":{"line":14,"column":32}},"loc":{"start":{"line":14,"column":54},"end":{"line":16,"column":1}},"line":14},"4":{"name":"lerp","decl":{"start":{"line":18,"column":16},"end":{"line":18,"column":20}},"loc":{"start":{"line":18,"column":62},"end":{"line":20,"column":1}},"line":18}},"branchMap":{},"s":{"0":9,"1":19,"2":697,"3":14,"4":8},"f":{"0":9,"1":19,"2":697,"3":14,"4":8},"b":{},"_coverageSchema":"1a1c01bbd47fc00a2c39e90264f33305004495a9","hash":"dc46312e641697b866d2f3abe388fed9ee192ed3"}
}
