TN:
SF:src/core/geometry.ts
FN:8,polarToCartesian
FN:28,createSectorPath
FN:63,calculateLabelPosition
FN:81,calculateImagePosition
FNF:4
FNH:4
FNDA:85,polarToCartesian
FNDA:22,createSectorPath
FNDA:17,calculateLabelPosition
FNDA:17,calculateImagePosition
DA:14,85
DA:15,85
DA:35,22
DA:37,22
DA:38,3
DA:39,3
DA:40,3
DA:47,19
DA:48,19
DA:49,19
DA:51,19
DA:71,17
DA:72,17
DA:73,17
DA:88,17
DA:89,17
DA:90,17
DA:91,17
LF:18
LH:18
BRDA:37,0,0,3
BRDA:37,0,1,19
BRDA:49,1,0,1
BRDA:49,1,1,18
BRDA:69,2,0,16
BRF:5
BRH:5
end_of_record
TN:
SF:src/core/segments.ts
FN:31,calculateSegmentAngles
FN:32,(anonymous_1)
FN:35,(anonymous_2)
FN:52,buildSegmentLayouts
FN:62,(anonymous_4)
FNF:5
FNH:5
FNDA:12,calculateSegmentAngles
FNDA:38,(anonymous_1)
FNDA:38,(anonymous_2)
FNDA:4,buildSegmentLayouts
FNDA:15,(anonymous_4)
DA:9,1
DA:12,1
DA:32,38
DA:33,12
DA:35,12
DA:36,38
DA:37,38
DA:38,38
DA:39,38
DA:40,38
DA:41,38
DA:60,4
DA:62,4
DA:63,15
DA:64,15
DA:65,1
DA:69,14
DA:70,14
DA:72,14
LF:19
LH:19
BRDA:32,0,0,38
BRDA:32,0,1,35
BRDA:36,1,0,38
BRDA:36,1,1,35
BRDA:58,2,0,4
BRDA:60,3,0,4
BRDA:60,3,1,0
BRDA:64,4,0,1
BRDA:64,4,1,14
BRDA:70,5,0,14
BRDA:70,5,1,13
BRDA:70,5,2,0
BRF:12
BRH:10
end_of_record
TN:
SF:src/utils/math.ts
FN:1,clamp
FN:6,normalizeAngle
FN:10,degreesToRadians
FN:14,radiansToDegrees
FN:18,lerp
FNF:5
FNH:1
FNDA:0,clamp
FNDA:0,normalizeAngle
FNDA:85,degreesToRadians
FNDA:0,radiansToDegrees
FNDA:0,lerp
DA:2,0
DA:7,0
DA:11,85
DA:15,0
DA:19,0
LF:5
LH:1
BRF:0
BRH:0
end_of_record
