TN:
SF:src/index.tsx
FNF:0
FNH:0
LF:0
LH:0
BRF:0
BRH:0
end_of_record
TN:
SF:src/components/CenterDot.tsx
FN:13,CenterDotComponent
FNF:1
FNH:1
FNDA:37,CenterDotComponent
DA:11,4
DA:13,4
DA:19,37
DA:20,37
DA:38,4
LF:5
LH:5
BRDA:16,0,0,8
BRDA:17,1,0,34
BRF:2
BRH:2
end_of_record
TN:
SF:src/components/Pointer.tsx
FN:23,PointerComponent
FNF:1
FNH:1
FNDA:32,PointerComponent
DA:11,4
DA:12,4
DA:13,4
DA:14,4
DA:15,4
DA:18,4
DA:21,4
DA:23,4
DA:27,32
DA:62,4
LF:10
LH:10
BRDA:25,0,0,3
BRF:1
BRH:1
end_of_record
TN:
SF:src/components/SectorSlice.tsx
FN:23,SectorSliceComponent
FNF:1
FNH:1
FNDA:125,SectorSliceComponent
DA:20,3
DA:21,3
DA:23,3
DA:29,125
DA:32,125
DA:33,5
DA:36,120
LF:7
LH:7
BRDA:32,0,0,5
BRDA:32,0,1,120
BRDA:40,1,0,120
BRDA:40,1,1,5
BRDA:51,2,0,1
BRDA:51,2,1,119
BRF:6
BRH:6
end_of_record
TN:
SF:src/components/Wheel.tsx
FN:32,WheelForwardRef
FN:48,(anonymous_1)
FN:54,(anonymous_2)
FN:76,(anonymous_3)
FN:77,(anonymous_4)
FN:78,(anonymous_5)
FN:79,(anonymous_6)
FN:80,(anonymous_7)
FN:81,(anonymous_8)
FN:83,(anonymous_9)
FN:89,(anonymous_10)
FN:95,(anonymous_11)
FN:105,(anonymous_12)
FNF:13
FNH:12
FNDA:36,WheelForwardRef
FNDA:29,(anonymous_1)
FNDA:6,(anonymous_2)
FNDA:17,(anonymous_3)
FNDA:6,(anonymous_4)
FNDA:1,(anonymous_5)
FNDA:1,(anonymous_6)
FNDA:1,(anonymous_7)
FNDA:1,(anonymous_8)
FNDA:1,(anonymous_9)
FNDA:0,(anonymous_10)
FNDA:31,(anonymous_11)
FNDA:31,(anonymous_12)
DA:18,2
DA:21,2
DA:22,2
DA:23,2
DA:30,2
DA:45,36
DA:47,36
DA:48,29
DA:53,36
DA:55,6
DA:56,6
DA:63,36
DA:65,36
DA:74,36
DA:76,17
DA:77,6
DA:78,1
DA:79,1
DA:80,1
DA:82,1
DA:84,1
DA:89,36
DA:90,0
DA:94,36
DA:96,31
DA:104,36
DA:106,31
DA:114,36
DA:128,36
DA:136,36
DA:137,2
DA:138,0
DA:142,2
DA:149,34
LF:34
LH:32
BRDA:34,0,0,34
BRDA:35,1,0,35
BRDA:36,2,0,35
BRDA:48,3,0,29
BRDA:48,3,1,27
BRDA:84,4,0,1
BRDA:84,4,1,0
BRDA:96,5,0,1
BRDA:96,5,1,30
BRDA:106,6,0,1
BRDA:106,6,1,30
BRDA:131,7,0,36
BRDA:131,7,1,36
BRDA:136,8,0,2
BRDA:136,8,1,34
BRDA:137,9,0,0
BRDA:137,9,1,2
BRF:17
BRH:15
end_of_record
TN:
SF:src/components/WheelSVG.tsx
FN:30,WheelSVGComponent
FN:43,(anonymous_1)
FN:54,(anonymous_2)
FNF:3
FNH:3
FNDA:29,WheelSVGComponent
FNDA:29,(anonymous_1)
FNDA:121,(anonymous_2)
DA:14,2
DA:30,2
DA:43,29
DA:47,29
DA:55,121
DA:87,2
LF:6
LH:6
BRDA:69,0,0,29
BRDA:69,0,1,0
BRDA:70,1,0,29
BRDA:70,1,1,0
BRDA:73,2,0,29
BRDA:73,2,1,29
BRF:6
BRH:4
end_of_record
TN:
SF:src/components/WheelSkia.tsx
FN:31,SkiaSegmentImage
FN:55,SkiaSectorSliceComponent
FN:115,WheelSkiaComponent
FN:130,(anonymous_3)
FN:136,(anonymous_4)
FN:145,(anonymous_5)
FNF:6
FNH:6
FNDA:5,SkiaSegmentImage
FNDA:10,SkiaSectorSliceComponent
FNDA:4,WheelSkiaComponent
FNDA:4,(anonymous_3)
FNDA:4,(anonymous_4)
FNDA:10,(anonymous_5)
DA:32,5
DA:33,5
DA:34,0
DA:55,3
DA:61,10
DA:63,10
DA:64,1
DA:67,9
DA:68,9
DA:70,9
DA:98,3
DA:115,3
DA:130,4
DA:135,4
DA:136,4
DA:140,4
DA:146,10
DA:177,3
LF:18
LH:17
BRDA:33,0,0,5
BRDA:33,0,1,0
BRDA:63,1,0,1
BRDA:63,1,1,9
BRDA:73,2,0,9
BRDA:73,2,1,5
BRDA:159,3,0,2
BRDA:159,3,1,2
BRDA:160,4,0,2
BRDA:160,4,1,2
BRDA:163,5,0,4
BRDA:163,5,1,2
BRF:12
BRH:11
end_of_record
TN:
SF:src/core/geometry.ts
FN:8,polarToCartesian
FN:28,createSectorPath
FN:63,calculateLabelPosition
FN:84,calculateImagePosition
FN:107,computeCurrentSegmentIndex
FNF:5
FNH:5
FNDA:682,polarToCartesian
FNDA:171,createSectorPath
FNDA:167,calculateLabelPosition
FNDA:166,calculateImagePosition
FNDA:425,computeCurrentSegmentIndex
DA:14,682
DA:15,682
DA:35,171
DA:37,171
DA:38,10
DA:39,10
DA:40,10
DA:47,161
DA:48,161
DA:49,161
DA:51,161
DA:71,167
DA:72,167
DA:75,167
DA:76,167
DA:91,166
DA:92,166
DA:93,166
DA:94,166
DA:112,425
DA:114,425
DA:116,425
DA:117,1009
DA:118,1009
DA:123,418
DA:128,7
LF:26
LH:26
BRDA:37,0,0,10
BRDA:37,0,1,161
BRDA:49,1,0,2
BRDA:49,1,1,159
BRDA:69,2,0,166
BRDA:75,3,0,87
BRDA:75,3,1,80
BRDA:75,4,0,167
BRDA:75,4,1,87
BRDA:114,5,0,138
BRDA:114,5,1,287
BRDA:118,6,0,418
BRDA:118,6,1,591
BRDA:119,7,0,1009
BRDA:119,7,1,1009
BRDA:119,7,2,985
BRF:16
BRH:16
end_of_record
TN:
SF:src/core/physics.ts
FN:11,resolvePhysicsConfig
FN:25,velocityToAngularVelocity
FNF:2
FNH:2
FNDA:5,resolvePhysicsConfig
FNDA:9,velocityToAngularVelocity
DA:14,5
DA:30,9
DA:31,7
LF:3
LH:3
BRDA:15,0,0,5
BRDA:15,0,1,3
BRDA:16,1,0,5
BRDA:16,1,1,3
BRDA:30,2,0,2
BRDA:30,2,1,7
BRF:6
BRH:6
end_of_record
TN:
SF:src/core/segments.ts
FN:31,calculateSegmentAngles
FN:32,(anonymous_1)
FN:35,(anonymous_2)
FN:52,buildSegmentLayouts
FN:62,(anonymous_4)
FNF:5
FNH:5
FNDA:57,calculateSegmentAngles
FNDA:196,(anonymous_1)
FNDA:196,(anonymous_2)
FNDA:46,buildSegmentLayouts
FNDA:164,(anonymous_4)
DA:9,9
DA:12,9
DA:32,196
DA:33,57
DA:35,57
DA:36,196
DA:37,196
DA:38,196
DA:39,196
DA:40,196
DA:41,196
DA:60,46
DA:62,46
DA:63,164
DA:64,164
DA:65,1
DA:69,163
DA:70,163
DA:72,163
LF:19
LH:19
BRDA:32,0,0,196
BRDA:32,0,1,188
BRDA:36,1,0,196
BRDA:36,1,1,188
BRDA:58,2,0,43
BRDA:60,3,0,46
BRDA:60,3,1,0
BRDA:64,4,0,1
BRDA:64,4,1,163
BRDA:70,5,0,163
BRDA:70,5,1,54
BRDA:70,5,2,0
BRF:12
BRH:10
end_of_record
TN:
SF:src/core/winner.ts
FN:7,selectRandomWinner
FN:8,(anonymous_1)
FN:26,selectWeightedWinner
FN:27,(anonymous_3)
FN:33,(anonymous_4)
FN:55,selectControlledWinner
FN:59,(anonymous_6)
FN:83,calculateTargetRotation
FNF:8
FNH:8
FNDA:2157,selectRandomWinner
FNDA:4464,(anonymous_1)
FNDA:12154,selectWeightedWinner
FNDA:34357,(anonymous_3)
FNDA:34256,(anonymous_4)
FNDA:7,selectControlledWinner
FNDA:14,(anonymous_6)
FNDA:57,calculateTargetRotation
DA:4,6
DA:8,4464
DA:9,2157
DA:10,3
DA:14,2154
DA:15,2154
DA:16,2154
DA:17,1
DA:19,2153
DA:27,34357
DA:28,12154
DA:29,2
DA:32,12152
DA:33,34256
DA:36,12152
DA:37,12152
DA:39,12152
DA:40,26543
DA:41,26543
DA:42,12151
DA:47,1
DA:48,1
DA:49,0
DA:51,1
DA:59,14
DA:60,7
DA:61,2
DA:63,5
DA:64,1
DA:66,4
DA:89,57
DA:90,57
DA:91,57
DA:93,57
DA:94,57
LF:35
LH:34
BRDA:9,0,0,3
BRDA:9,0,1,2154
BRDA:16,1,0,1
BRDA:16,1,1,2153
BRDA:28,2,0,2
BRDA:28,2,1,12152
BRDA:33,3,0,34256
BRDA:33,3,1,2000
BRDA:40,4,0,26543
BRDA:40,4,1,971
BRDA:41,5,0,12151
BRDA:41,5,1,14392
BRDA:48,6,0,0
BRDA:48,6,1,1
BRDA:60,7,0,2
BRDA:60,7,1,5
BRDA:63,8,0,1
BRDA:63,8,1,4
BRDA:86,9,0,42
BRDA:93,10,0,5
BRDA:93,10,1,52
BRF:21
BRH:20
end_of_record
TN:
SF:src/hooks/useSegments.ts
FN:10,useSegments
FN:17,(anonymous_1)
FNF:2
FNH:2
FNDA:50,useSegments
FNDA:44,(anonymous_1)
DA:17,50
DA:18,44
DA:19,42
DA:20,42
LF:4
LH:4
BRDA:18,0,0,2
BRDA:18,0,1,42
BRF:2
BRH:2
end_of_record
TN:
SF:src/hooks/useWheel.ts
FN:65,useWheel
FN:90,(anonymous_1)
FN:98,(anonymous_2)
FN:108,(anonymous_3)
FN:116,(anonymous_4)
FN:116,(anonymous_5)
FN:122,(anonymous_6)
FN:130,(anonymous_7)
FN:149,(anonymous_8)
FN:168,(anonymous_9)
FN:191,(anonymous_10)
FN:210,(anonymous_11)
FN:211,(anonymous_12)
FN:212,(anonymous_13)
FN:213,(anonymous_14)
FN:220,(anonymous_15)
FN:225,(anonymous_16)
FN:228,(anonymous_17)
FNF:18
FNH:17
FNDA:37,useWheel
FNDA:30,(anonymous_1)
FNDA:30,(anonymous_2)
FNDA:6,(anonymous_3)
FNDA:1,(anonymous_4)
FNDA:4,(anonymous_5)
FNDA:2,(anonymous_6)
FNDA:2,(anonymous_7)
FNDA:7,(anonymous_8)
FNDA:17,(anonymous_9)
FNDA:0,(anonymous_10)
FNDA:31,(anonymous_11)
FNDA:6,(anonymous_12)
FNDA:1,(anonymous_13)
FNDA:1,(anonymous_14)
FNDA:1,(anonymous_15)
FNDA:1,(anonymous_16)
FNDA:1,(anonymous_17)
DA:33,4
DA:34,4
DA:35,4
DA:81,37
DA:83,37
DA:84,37
DA:85,37
DA:89,37
DA:90,30
DA:95,37
DA:98,37
DA:99,30
DA:102,37
DA:103,37
DA:106,37
DA:108,37
DA:109,6
DA:110,6
DA:111,6
DA:113,6
DA:114,6
DA:115,6
DA:116,4
DA:121,37
DA:123,2
DA:124,2
DA:129,37
DA:131,2
DA:132,2
DA:137,37
DA:148,37
DA:150,7
DA:153,7
DA:154,7
DA:155,2
DA:156,5
DA:157,1
DA:159,4
DA:162,1
DA:163,1
DA:165,1
DA:168,17
DA:169,6
DA:171,6
DA:172,6
DA:173,6
DA:190,37
DA:192,0
DA:193,0
DA:198,37
DA:208,37
DA:210,31
DA:211,6
DA:212,1
DA:214,1
DA:215,1
DA:216,1
DA:217,1
DA:218,1
DA:221,1
DA:222,1
DA:223,1
DA:226,1
DA:228,1
DA:241,37
LF:65
LH:63
BRDA:68,0,0,1
BRDA:69,1,0,35
BRDA:71,2,0,37
BRDA:72,3,0,34
BRDA:73,4,0,1
BRDA:90,5,0,2
BRDA:90,5,1,28
BRDA:110,6,0,0
BRDA:110,6,1,6
BRDA:115,7,0,1
BRDA:115,7,1,5
BRDA:124,8,0,1
BRDA:124,8,1,1
BRDA:132,9,0,1
BRDA:132,9,1,1
BRDA:150,10,0,0
BRDA:150,10,1,7
BRDA:154,11,0,2
BRDA:154,11,1,5
BRDA:156,12,0,1
BRDA:156,12,1,4
BRDA:162,13,0,1
BRDA:162,13,1,0
BRDA:169,14,0,0
BRDA:169,14,1,6
BRDA:192,15,0,0
BRDA:192,15,1,0
BRDA:201,16,0,37
BRDA:201,16,1,37
BRF:29
BRH:23
end_of_record
TN:
SF:src/hooks/useWheelAnimation.ts
FN:36,useWheelAnimation
FN:54,(anonymous_1)
FN:57,(anonymous_2)
FN:60,(anonymous_3)
FN:64,(anonymous_4)
FN:68,(anonymous_5)
FN:72,(anonymous_6)
FN:77,(anonymous_7)
FN:82,(anonymous_8)
FN:95,(anonymous_9)
FN:102,(anonymous_10)
FN:113,(anonymous_11)
FN:117,(anonymous_12)
FN:123,(anonymous_13)
FN:128,(anonymous_14)
FN:129,(anonymous_15)
FNF:16
FNH:12
FNDA:42,useWheelAnimation
FNDA:35,(anonymous_1)
FNDA:37,(anonymous_2)
FNDA:37,(anonymous_3)
FNDA:8,(anonymous_4)
FNDA:0,(anonymous_5)
FNDA:0,(anonymous_6)
FNDA:7,(anonymous_7)
FNDA:7,(anonymous_8)
FNDA:1,(anonymous_9)
FNDA:1,(anonymous_10)
FNDA:3,(anonymous_11)
FNDA:2,(anonymous_12)
FNDA:42,(anonymous_13)
FNDA:0,(anonymous_14)
FNDA:0,(anonymous_15)
DA:46,42
DA:48,42
DA:51,42
DA:52,42
DA:53,42
DA:54,42
DA:55,35
DA:57,42
DA:58,37
DA:60,42
DA:61,37
DA:64,42
DA:65,8
DA:68,42
DA:69,0
DA:72,42
DA:73,0
DA:76,42
DA:78,7
DA:79,7
DA:84,7
DA:85,7
DA:94,42
DA:96,1
DA:97,1
DA:104,1
DA:105,1
DA:113,42
DA:114,3
DA:117,42
DA:118,2
DA:119,2
DA:123,42
DA:124,42
DA:127,42
DA:128,0
DA:130,0
DA:131,0
DA:132,0
DA:138,42
LF:40
LH:34
BRDA:84,0,0,7
BRDA:84,0,1,0
BRDA:104,1,0,1
BRDA:104,1,1,0
BRDA:130,2,0,0
BRDA:130,2,1,0
BRDA:130,3,0,0
BRDA:130,3,1,0
BRF:8
BRH:2
end_of_record
TN:
SF:src/hooks/useWheelGesture.ts
FN:29,useWheelGesture
FN:41,(anonymous_1)
FN:49,(anonymous_2)
FN:61,(anonymous_3)
FNF:4
FNH:4
FNDA:38,useWheelGesture
FNDA:1,(anonymous_1)
FNDA:1,(anonymous_2)
FNDA:2,(anonymous_3)
DA:32,38
DA:35,38
DA:37,38
DA:39,38
DA:43,1
DA:44,1
DA:45,1
DA:46,1
DA:47,1
DA:51,1
DA:52,1
DA:53,1
DA:54,1
DA:56,1
DA:57,1
DA:58,1
DA:59,1
DA:63,2
DA:64,2
DA:65,2
DA:66,2
DA:67,1
DA:68,1
DA:73,1
DA:74,1
DA:75,1
DA:79,38
LF:27
LH:27
BRDA:56,0,0,0
BRDA:56,0,1,1
BRDA:57,1,0,0
BRDA:57,1,1,1
BRDA:66,2,0,1
BRDA:66,2,1,1
BRF:6
BRH:4
end_of_record
TN:
SF:src/hooks/useWheelState.ts
FN:17,useWheelState
FN:20,(anonymous_1)
FN:21,(anonymous_2)
FNF:3
FNH:3
FNDA:77,useWheelState
FNDA:41,(anonymous_1)
FNDA:41,(anonymous_2)
DA:5,5
DA:18,77
DA:20,77
DA:21,41
DA:22,41
DA:23,41
DA:24,6
DA:25,6
DA:29,6
DA:31,35
DA:35,77
LF:11
LH:11
BRDA:23,0,0,6
BRDA:23,0,1,35
BRDA:24,1,0,6
BRDA:24,1,1,0
BRF:4
BRH:3
end_of_record
TN:
SF:src/themes/index.ts
FN:20,resolveTheme
FNF:1
FNH:1
FNDA:37,resolveTheme
DA:4,5
DA:12,5
DA:23,37
DA:24,8
DA:25,4
LF:5
LH:5
BRDA:23,0,0,29
BRDA:23,0,1,8
BRDA:24,1,0,4
BRDA:24,1,1,4
BRF:4
BRH:4
end_of_record
TN:
SF:src/utils/image.ts
FN:3,getCachedImageUri
FN:11,clearImageCache
FNF:2
FNH:2
FNDA:13,getCachedImageUri
FNDA:18,clearImageCache
DA:1,4
DA:4,13
DA:5,9
DA:8,13
DA:12,18
LF:5
LH:5
BRDA:4,0,0,9
BRDA:4,0,1,4
BRF:2
BRH:2
end_of_record
TN:
SF:src/utils/math.ts
FN:1,clamp
FN:6,normalizeAngle
FN:10,degreesToRadians
FN:14,radiansToDegrees
FN:18,lerp
FNF:5
FNH:5
FNDA:9,clamp
FNDA:19,normalizeAngle
FNDA:697,degreesToRadians
FNDA:14,radiansToDegrees
FNDA:8,lerp
DA:2,9
DA:7,19
DA:11,697
DA:15,14
DA:19,8
LF:5
LH:5
BRF:0
BRH:0
end_of_record
